<?xml version="1.0" encoding="UTF-8"?>
<testsuite name="com.phonebook.tests.AddContactTests" tests="8" skipped="0" failures="0" errors="0" timestamp="2025-07-04T07:59:13" hostname="TETIANA_PC" time="89.013">
  <properties/>
  <testcase name="addContactPositiveFromDataProviderTest[0](Olya, Kan, 0123456789, kan@gmail.com, Berlin, QA)" classname="com.phonebook.tests.AddContactTests" time="2.505"/>
  <testcase name="addContactPositiveFromDataProviderTest[1](Olya, Kan, 01234567891, kan@gmail.com, Berlin, QA)" classname="com.phonebook.tests.AddContactTests" time="1.897"/>
  <testcase name="addContactPositiveFromDataProviderTest[2](Olya, Kan, 0123456789111, kan@gmail.com, Berlin, QA)" classname="com.phonebook.tests.AddContactTests" time="1.627"/>
  <testcase name="addContactPositiveFromDataProviderWithCsvFileTest[0](Contact{phone='1234567890', name='Oliver'})" classname="com.phonebook.tests.AddContactTests" time="1.632"/>
  <testcase name="addContactPositiveFromDataProviderWithCsvFileTest[1](Contact{phone='12345678911', name='Tomash'})" classname="com.phonebook.tests.AddContactTests" time="1.619"/>
  <testcase name="addContactPositiveFromDataProviderWithCsvFileTest[2](Contact{phone='123456789123', name='Oleynik'})" classname="com.phonebook.tests.AddContactTests" time="1.762"/>
  <testcase name="addContactPositiveFromDataProviderWithCsvFileTest[3](Contact{phone='123456789124', name='Oleynik'})" classname="com.phonebook.tests.AddContactTests" time="1.85"/>
  <testcase name="addContactPositiveTest" classname="com.phonebook.tests.AddContactTests" time="1.651"/>
  <system-out><![CDATA[09:59:12.749 [Test worker] INFO  com.phonebook.tests.TestBase -- Start testaddContactPositiveFromDataProviderTest[Olya, Kan, 0123456789, kan@gmail.com, Berlin, QA]
09:59:12.753 [Test worker] INFO  com.phonebook.utils.MyListener -- Before Find ElementsBy.cssSelector: [href='/login']
09:59:12.755 [Test worker] INFO  com.phonebook.utils.MyListener -- **************************************
09:59:12.791 [Test worker] INFO  com.phonebook.utils.MyListener -- List size is 1
09:59:12.791 [Test worker] INFO  com.phonebook.utils.MyListener -- ***********************************************
09:59:12.792 [Test worker] INFO  com.phonebook.utils.MyListener -- The locator will findBy.cssSelector: [href='/login']
09:59:12.792 [Test worker] INFO  com.phonebook.utils.MyListener -- *****************************
09:59:12.812 [Test worker] INFO  com.phonebook.utils.MyListener -- The locator is By.cssSelector: [href='/login']
09:59:12.812 [Test worker] INFO  com.phonebook.utils.MyListener -- *******************************
09:59:12.889 [Test worker] INFO  com.phonebook.utils.MyListener -- The locator will findBy.name: email
09:59:12.890 [Test worker] INFO  com.phonebook.utils.MyListener -- *****************************
09:59:12.932 [Test worker] INFO  com.phonebook.utils.MyListener -- The locator is By.name: email
09:59:12.933 [Test worker] INFO  com.phonebook.utils.MyListener -- *******************************
09:59:12.997 [Test worker] INFO  com.phonebook.utils.MyListener -- The locator will findBy.name: email
09:59:12.999 [Test worker] INFO  com.phonebook.utils.MyListener -- *****************************
09:59:13.028 [Test worker] INFO  com.phonebook.utils.MyListener -- The locator is By.name: email
09:59:13.029 [Test worker] INFO  com.phonebook.utils.MyListener -- *******************************
09:59:13.095 [Test worker] INFO  com.phonebook.utils.MyListener -- The locator will findBy.name: email
09:59:13.095 [Test worker] INFO  com.phonebook.utils.MyListener -- *****************************
09:59:13.121 [Test worker] INFO  com.phonebook.utils.MyListener -- The locator is By.name: email
09:59:13.121 [Test worker] INFO  com.phonebook.utils.MyListener -- *******************************
09:59:13.181 [Test worker] INFO  com.phonebook.utils.MyListener -- The locator will findBy.name: password
09:59:13.181 [Test worker] INFO  com.phonebook.utils.MyListener -- *****************************
09:59:13.201 [Test worker] INFO  com.phonebook.utils.MyListener -- The locator is By.name: password
09:59:13.201 [Test worker] INFO  com.phonebook.utils.MyListener -- *******************************
09:59:13.270 [Test worker] INFO  com.phonebook.utils.MyListener -- The locator will findBy.name: password
09:59:13.270 [Test worker] INFO  com.phonebook.utils.MyListener -- *****************************
09:59:13.292 [Test worker] INFO  com.phonebook.utils.MyListener -- The locator is By.name: password
09:59:13.292 [Test worker] INFO  com.phonebook.utils.MyListener -- *******************************
09:59:13.330 [Test worker] INFO  com.phonebook.utils.MyListener -- The locator will findBy.name: password
09:59:13.330 [Test worker] INFO  com.phonebook.utils.MyListener -- *****************************
09:59:13.363 [Test worker] INFO  com.phonebook.utils.MyListener -- The locator is By.name: password
09:59:13.363 [Test worker] INFO  com.phonebook.utils.MyListener -- *******************************
09:59:13.396 [Test worker] INFO  com.phonebook.utils.MyListener -- The locator will findBy.name: login
09:59:13.396 [Test worker] INFO  com.phonebook.utils.MyListener -- *****************************
09:59:13.413 [Test worker] INFO  com.phonebook.utils.MyListener -- The locator is By.name: login
09:59:13.413 [Test worker] INFO  com.phonebook.utils.MyListener -- *******************************
09:59:13.461 [Test worker] INFO  com.phonebook.utils.MyListener -- The locator will findBy.cssSelector: [href='/add']
09:59:13.461 [Test worker] INFO  com.phonebook.utils.MyListener -- *****************************
09:59:14.190 [Test worker] INFO  com.phonebook.utils.MyListener -- The locator is By.cssSelector: [href='/add']
09:59:14.190 [Test worker] INFO  com.phonebook.utils.MyListener -- *******************************
09:59:14.244 [Test worker] INFO  com.phonebook.utils.MyListener -- The locator will findBy.cssSelector: input:nth-child(1)
09:59:14.245 [Test worker] INFO  com.phonebook.utils.MyListener -- *****************************
09:59:14.277 [Test worker] INFO  com.phonebook.utils.MyListener -- The locator is By.cssSelector: input:nth-child(1)
09:59:14.278 [Test worker] INFO  com.phonebook.utils.MyListener -- *******************************
09:59:14.324 [Test worker] INFO  com.phonebook.utils.MyListener -- The locator will findBy.cssSelector: input:nth-child(1)
09:59:14.324 [Test worker] INFO  com.phonebook.utils.MyListener -- *****************************
09:59:14.341 [Test worker] INFO  com.phonebook.utils.MyListener -- The locator is By.cssSelector: input:nth-child(1)
09:59:14.342 [Test worker] INFO  com.phonebook.utils.MyListener -- *******************************
09:59:14.364 [Test worker] INFO  com.phonebook.utils.MyListener -- The locator will findBy.cssSelector: input:nth-child(1)
09:59:14.364 [Test worker] INFO  com.phonebook.utils.MyListener -- *****************************
09:59:14.381 [Test worker] INFO  com.phonebook.utils.MyListener -- The locator is By.cssSelector: input:nth-child(1)
09:59:14.381 [Test worker] INFO  com.phonebook.utils.MyListener -- *******************************
09:59:14.417 [Test worker] INFO  com.phonebook.utils.MyListener -- The locator will findBy.cssSelector: input:nth-child(2)
09:59:14.417 [Test worker] INFO  com.phonebook.utils.MyListener -- *****************************
09:59:14.442 [Test worker] INFO  com.phonebook.utils.MyListener -- The locator is By.cssSelector: input:nth-child(2)
09:59:14.442 [Test worker] INFO  com.phonebook.utils.MyListener -- *******************************
09:59:14.487 [Test worker] INFO  com.phonebook.utils.MyListener -- The locator will findBy.cssSelector: input:nth-child(2)
09:59:14.487 [Test worker] INFO  com.phonebook.utils.MyListener -- *****************************
09:59:14.500 [Test worker] INFO  com.phonebook.utils.MyListener -- The locator is By.cssSelector: input:nth-child(2)
09:59:14.501 [Test worker] INFO  com.phonebook.utils.MyListener -- *******************************
09:59:14.546 [Test worker] INFO  com.phonebook.utils.MyListener -- The locator will findBy.cssSelector: input:nth-child(2)
09:59:14.546 [Test worker] INFO  com.phonebook.utils.MyListener -- *****************************
09:59:14.567 [Test worker] INFO  com.phonebook.utils.MyListener -- The locator is By.cssSelector: input:nth-child(2)
09:59:14.568 [Test worker] INFO  com.phonebook.utils.MyListener -- *******************************
09:59:14.593 [Test worker] INFO  com.phonebook.utils.MyListener -- The locator will findBy.cssSelector: input:nth-child(3)
09:59:14.593 [Test worker] INFO  com.phonebook.utils.MyListener -- *****************************
09:59:14.609 [Test worker] INFO  com.phonebook.utils.MyListener -- The locator is By.cssSelector: input:nth-child(3)
09:59:14.609 [Test worker] INFO  com.phonebook.utils.MyListener -- *******************************
09:59:14.654 [Test worker] INFO  com.phonebook.utils.MyListener -- The locator will findBy.cssSelector: input:nth-child(3)
09:59:14.654 [Test worker] INFO  com.phonebook.utils.MyListener -- *****************************
09:59:14.672 [Test worker] INFO  com.phonebook.utils.MyListener -- The locator is By.cssSelector: input:nth-child(3)
09:59:14.672 [Test worker] INFO  com.phonebook.utils.MyListener -- *******************************
09:59:14.692 [Test worker] INFO  com.phonebook.utils.MyListener -- The locator will findBy.cssSelector: input:nth-child(3)
09:59:14.692 [Test worker] INFO  com.phonebook.utils.MyListener -- *****************************
09:59:14.707 [Test worker] INFO  com.phonebook.utils.MyListener -- The locator is By.cssSelector: input:nth-child(3)
09:59:14.707 [Test worker] INFO  com.phonebook.utils.MyListener -- *******************************
09:59:14.745 [Test worker] INFO  com.phonebook.utils.MyListener -- The locator will findBy.cssSelector: input:nth-child(4)
09:59:14.745 [Test worker] INFO  com.phonebook.utils.MyListener -- *****************************
09:59:14.759 [Test worker] INFO  com.phonebook.utils.MyListener -- The locator is By.cssSelector: input:nth-child(4)
09:59:14.759 [Test worker] INFO  com.phonebook.utils.MyListener -- *******************************
09:59:14.811 [Test worker] INFO  com.phonebook.utils.MyListener -- The locator will findBy.cssSelector: input:nth-child(4)
09:59:14.813 [Test worker] INFO  com.phonebook.utils.MyListener -- *****************************
09:59:14.825 [Test worker] INFO  com.phonebook.utils.MyListener -- The locator is By.cssSelector: input:nth-child(4)
09:59:14.825 [Test worker] INFO  com.phonebook.utils.MyListener -- *******************************
09:59:14.847 [Test worker] INFO  com.phonebook.utils.MyListener -- The locator will findBy.cssSelector: input:nth-child(4)
09:59:14.847 [Test worker] INFO  com.phonebook.utils.MyListener -- *****************************
09:59:14.859 [Test worker] INFO  com.phonebook.utils.MyListener -- The locator is By.cssSelector: input:nth-child(4)
09:59:14.859 [Test worker] INFO  com.phonebook.utils.MyListener -- *******************************
09:59:14.892 [Test worker] INFO  com.phonebook.utils.MyListener -- The locator will findBy.cssSelector: input:nth-child(5)
09:59:14.893 [Test worker] INFO  com.phonebook.utils.MyListener -- *****************************
09:59:14.908 [Test worker] INFO  com.phonebook.utils.MyListener -- The locator is By.cssSelector: input:nth-child(5)
09:59:14.908 [Test worker] INFO  com.phonebook.utils.MyListener -- *******************************
09:59:14.950 [Test worker] INFO  com.phonebook.utils.MyListener -- The locator will findBy.cssSelector: input:nth-child(5)
09:59:14.950 [Test worker] INFO  com.phonebook.utils.MyListener -- *****************************
09:59:14.965 [Test worker] INFO  com.phonebook.utils.MyListener -- The locator is By.cssSelector: input:nth-child(5)
09:59:14.967 [Test worker] INFO  com.phonebook.utils.MyListener -- *******************************
09:59:15.031 [Test worker] INFO  com.phonebook.utils.MyListener -- The locator will findBy.cssSelector: input:nth-child(5)
09:59:15.031 [Test worker] INFO  com.phonebook.utils.MyListener -- *****************************
09:59:15.043 [Test worker] INFO  com.phonebook.utils.MyListener -- The locator is By.cssSelector: input:nth-child(5)
09:59:15.043 [Test worker] INFO  com.phonebook.utils.MyListener -- *******************************
09:59:15.106 [Test worker] INFO  com.phonebook.utils.MyListener -- The locator will findBy.cssSelector: input:nth-child(6)
09:59:15.106 [Test worker] INFO  com.phonebook.utils.MyListener -- *****************************
09:59:15.122 [Test worker] INFO  com.phonebook.utils.MyListener -- The locator is By.cssSelector: input:nth-child(6)
09:59:15.123 [Test worker] INFO  com.phonebook.utils.MyListener -- *******************************
09:59:15.170 [Test worker] INFO  com.phonebook.utils.MyListener -- The locator will findBy.cssSelector: input:nth-child(6)
09:59:15.170 [Test worker] INFO  com.phonebook.utils.MyListener -- *****************************
09:59:15.181 [Test worker] INFO  com.phonebook.utils.MyListener -- The locator is By.cssSelector: input:nth-child(6)
09:59:15.182 [Test worker] INFO  com.phonebook.utils.MyListener -- *******************************
09:59:15.203 [Test worker] INFO  com.phonebook.utils.MyListener -- The locator will findBy.cssSelector: input:nth-child(6)
09:59:15.203 [Test worker] INFO  com.phonebook.utils.MyListener -- *****************************
09:59:15.213 [Test worker] INFO  com.phonebook.utils.MyListener -- The locator is By.cssSelector: input:nth-child(6)
09:59:15.214 [Test worker] INFO  com.phonebook.utils.MyListener -- *******************************
09:59:15.241 [Test worker] INFO  com.phonebook.utils.MyListener -- The locator will findBy.cssSelector: .add_form__2rsm2 button
09:59:15.241 [Test worker] INFO  com.phonebook.utils.MyListener -- *****************************
09:59:15.256 [Test worker] INFO  com.phonebook.utils.MyListener -- The locator is By.cssSelector: .add_form__2rsm2 button
09:59:15.256 [Test worker] INFO  com.phonebook.utils.MyListener -- *******************************
09:59:15.319 [Test worker] INFO  com.phonebook.utils.MyListener -- Before Find ElementsBy.cssSelector: h2
09:59:15.319 [Test worker] INFO  com.phonebook.utils.MyListener -- **************************************
09:59:15.925 [Test worker] INFO  com.phonebook.utils.MyListener -- List size is 23
09:59:15.925 [Test worker] INFO  com.phonebook.utils.MyListener -- ***********************************************
09:59:15.967 [Test worker] INFO  com.phonebook.utils.MyListener -- The locator will findBy.cssSelector: .contact-item_card__2SOIM
09:59:15.968 [Test worker] INFO  com.phonebook.utils.MyListener -- *****************************
09:59:15.989 [Test worker] INFO  com.phonebook.utils.MyListener -- The locator is By.cssSelector: .contact-item_card__2SOIM
09:59:15.990 [Test worker] INFO  com.phonebook.utils.MyListener -- *******************************
09:59:16.041 [Test worker] INFO  com.phonebook.utils.MyListener -- The locator will findBy.xpath: //button[.='Remove']
09:59:16.041 [Test worker] INFO  com.phonebook.utils.MyListener -- *****************************
09:59:16.060 [Test worker] INFO  com.phonebook.utils.MyListener -- The locator is By.xpath: //button[.='Remove']
09:59:16.060 [Test worker] INFO  com.phonebook.utils.MyListener -- *******************************
09:59:16.101 [Test worker] INFO  com.phonebook.tests.TestBase -- PASSED: addContactPositiveFromDataProviderTest
09:59:16.101 [Test worker] INFO  com.phonebook.tests.TestBase -- Stop test
09:59:16.101 [Test worker] INFO  com.phonebook.tests.TestBase -- ====================================================
09:59:16.102 [Test worker] INFO  com.phonebook.tests.TestBase -- Start testaddContactPositiveFromDataProviderTest[Olya, Kan, 01234567891, kan@gmail.com, Berlin, QA]
09:59:16.103 [Test worker] INFO  com.phonebook.utils.MyListener -- Before Find ElementsBy.cssSelector: [href='/login']
09:59:16.103 [Test worker] INFO  com.phonebook.utils.MyListener -- **************************************
09:59:26.171 [Test worker] INFO  com.phonebook.utils.MyListener -- List size is 0
09:59:26.171 [Test worker] INFO  com.phonebook.utils.MyListener -- ***********************************************
09:59:26.171 [Test worker] INFO  com.phonebook.utils.MyListener -- The locator will findBy.xpath: //button[.='Sign Out']
09:59:26.171 [Test worker] INFO  com.phonebook.utils.MyListener -- *****************************
09:59:26.190 [Test worker] INFO  com.phonebook.utils.MyListener -- The locator is By.xpath: //button[.='Sign Out']
09:59:26.191 [Test worker] INFO  com.phonebook.utils.MyListener -- *******************************
09:59:26.255 [Test worker] INFO  com.phonebook.utils.MyListener -- The locator will findBy.cssSelector: [href='/login']
09:59:26.255 [Test worker] INFO  com.phonebook.utils.MyListener -- *****************************
09:59:26.271 [Test worker] INFO  com.phonebook.utils.MyListener -- The locator is By.cssSelector: [href='/login']
09:59:26.272 [Test worker] INFO  com.phonebook.utils.MyListener -- *******************************
09:59:26.322 [Test worker] INFO  com.phonebook.utils.MyListener -- The locator will findBy.name: email
09:59:26.323 [Test worker] INFO  com.phonebook.utils.MyListener -- *****************************
09:59:26.336 [Test worker] INFO  com.phonebook.utils.MyListener -- The locator is By.name: email
09:59:26.336 [Test worker] INFO  com.phonebook.utils.MyListener -- *******************************
09:59:26.381 [Test worker] INFO  com.phonebook.utils.MyListener -- The locator will findBy.name: email
09:59:26.381 [Test worker] INFO  com.phonebook.utils.MyListener -- *****************************
09:59:26.403 [Test worker] INFO  com.phonebook.utils.MyListener -- The locator is By.name: email
09:59:26.403 [Test worker] INFO  com.phonebook.utils.MyListener -- *******************************
09:59:26.436 [Test worker] INFO  com.phonebook.utils.MyListener -- The locator will findBy.name: email
09:59:26.436 [Test worker] INFO  com.phonebook.utils.MyListener -- *****************************
09:59:26.451 [Test worker] INFO  com.phonebook.utils.MyListener -- The locator is By.name: email
09:59:26.452 [Test worker] INFO  com.phonebook.utils.MyListener -- *******************************
09:59:26.496 [Test worker] INFO  com.phonebook.utils.MyListener -- The locator will findBy.name: password
09:59:26.497 [Test worker] INFO  com.phonebook.utils.MyListener -- *****************************
09:59:26.517 [Test worker] INFO  com.phonebook.utils.MyListener -- The locator is By.name: password
09:59:26.517 [Test worker] INFO  com.phonebook.utils.MyListener -- *******************************
09:59:26.573 [Test worker] INFO  com.phonebook.utils.MyListener -- The locator will findBy.name: password
09:59:26.574 [Test worker] INFO  com.phonebook.utils.MyListener -- *****************************
09:59:26.589 [Test worker] INFO  com.phonebook.utils.MyListener -- The locator is By.name: password
09:59:26.589 [Test worker] INFO  com.phonebook.utils.MyListener -- *******************************
09:59:26.617 [Test worker] INFO  com.phonebook.utils.MyListener -- The locator will findBy.name: password
09:59:26.617 [Test worker] INFO  com.phonebook.utils.MyListener -- *****************************
09:59:26.632 [Test worker] INFO  com.phonebook.utils.MyListener -- The locator is By.name: password
09:59:26.632 [Test worker] INFO  com.phonebook.utils.MyListener -- *******************************
09:59:26.662 [Test worker] INFO  com.phonebook.utils.MyListener -- The locator will findBy.name: login
09:59:26.664 [Test worker] INFO  com.phonebook.utils.MyListener -- *****************************
09:59:26.679 [Test worker] INFO  com.phonebook.utils.MyListener -- The locator is By.name: login
09:59:26.679 [Test worker] INFO  com.phonebook.utils.MyListener -- *******************************
09:59:26.723 [Test worker] INFO  com.phonebook.utils.MyListener -- The locator will findBy.cssSelector: [href='/add']
09:59:26.723 [Test worker] INFO  com.phonebook.utils.MyListener -- *****************************
09:59:27.052 [Test worker] INFO  com.phonebook.utils.MyListener -- The locator is By.cssSelector: [href='/add']
09:59:27.052 [Test worker] INFO  com.phonebook.utils.MyListener -- *******************************
09:59:27.100 [Test worker] INFO  com.phonebook.utils.MyListener -- The locator will findBy.cssSelector: input:nth-child(1)
09:59:27.100 [Test worker] INFO  com.phonebook.utils.MyListener -- *****************************
09:59:27.112 [Test worker] INFO  com.phonebook.utils.MyListener -- The locator is By.cssSelector: input:nth-child(1)
09:59:27.113 [Test worker] INFO  com.phonebook.utils.MyListener -- *******************************
09:59:27.152 [Test worker] INFO  com.phonebook.utils.MyListener -- The locator will findBy.cssSelector: input:nth-child(1)
09:59:27.154 [Test worker] INFO  com.phonebook.utils.MyListener -- *****************************
09:59:27.168 [Test worker] INFO  com.phonebook.utils.MyListener -- The locator is By.cssSelector: input:nth-child(1)
09:59:27.168 [Test worker] INFO  com.phonebook.utils.MyListener -- *******************************
09:59:27.188 [Test worker] INFO  com.phonebook.utils.MyListener -- The locator will findBy.cssSelector: input:nth-child(1)
09:59:27.188 [Test worker] INFO  com.phonebook.utils.MyListener -- *****************************
09:59:27.198 [Test worker] INFO  com.phonebook.utils.MyListener -- The locator is By.cssSelector: input:nth-child(1)
09:59:27.199 [Test worker] INFO  com.phonebook.utils.MyListener -- *******************************
09:59:27.228 [Test worker] INFO  com.phonebook.utils.MyListener -- The locator will findBy.cssSelector: input:nth-child(2)
09:59:27.229 [Test worker] INFO  com.phonebook.utils.MyListener -- *****************************
09:59:27.243 [Test worker] INFO  com.phonebook.utils.MyListener -- The locator is By.cssSelector: input:nth-child(2)
09:59:27.244 [Test worker] INFO  com.phonebook.utils.MyListener -- *******************************
09:59:27.307 [Test worker] INFO  com.phonebook.utils.MyListener -- The locator will findBy.cssSelector: input:nth-child(2)
09:59:27.307 [Test worker] INFO  com.phonebook.utils.MyListener -- *****************************
09:59:27.331 [Test worker] INFO  com.phonebook.utils.MyListener -- The locator is By.cssSelector: input:nth-child(2)
09:59:27.331 [Test worker] INFO  com.phonebook.utils.MyListener -- *******************************
09:59:27.356 [Test worker] INFO  com.phonebook.utils.MyListener -- The locator will findBy.cssSelector: input:nth-child(2)
09:59:27.356 [Test worker] INFO  com.phonebook.utils.MyListener -- *****************************
09:59:27.367 [Test worker] INFO  com.phonebook.utils.MyListener -- The locator is By.cssSelector: input:nth-child(2)
09:59:27.367 [Test worker] INFO  com.phonebook.utils.MyListener -- *******************************
09:59:27.388 [Test worker] INFO  com.phonebook.utils.MyListener -- The locator will findBy.cssSelector: input:nth-child(3)
09:59:27.388 [Test worker] INFO  com.phonebook.utils.MyListener -- *****************************
09:59:27.400 [Test worker] INFO  com.phonebook.utils.MyListener -- The locator is By.cssSelector: input:nth-child(3)
09:59:27.401 [Test worker] INFO  com.phonebook.utils.MyListener -- *******************************
09:59:27.438 [Test worker] INFO  com.phonebook.utils.MyListener -- The locator will findBy.cssSelector: input:nth-child(3)
09:59:27.438 [Test worker] INFO  com.phonebook.utils.MyListener -- *****************************
09:59:27.450 [Test worker] INFO  com.phonebook.utils.MyListener -- The locator is By.cssSelector: input:nth-child(3)
09:59:27.451 [Test worker] INFO  com.phonebook.utils.MyListener -- *******************************
09:59:27.469 [Test worker] INFO  com.phonebook.utils.MyListener -- The locator will findBy.cssSelector: input:nth-child(3)
09:59:27.469 [Test worker] INFO  com.phonebook.utils.MyListener -- *****************************
09:59:27.480 [Test worker] INFO  com.phonebook.utils.MyListener -- The locator is By.cssSelector: input:nth-child(3)
09:59:27.480 [Test worker] INFO  com.phonebook.utils.MyListener -- *******************************
09:59:27.511 [Test worker] INFO  com.phonebook.utils.MyListener -- The locator will findBy.cssSelector: input:nth-child(4)
09:59:27.512 [Test worker] INFO  com.phonebook.utils.MyListener -- *****************************
09:59:27.527 [Test worker] INFO  com.phonebook.utils.MyListener -- The locator is By.cssSelector: input:nth-child(4)
09:59:27.527 [Test worker] INFO  com.phonebook.utils.MyListener -- *******************************
09:59:27.592 [Test worker] INFO  com.phonebook.utils.MyListener -- The locator will findBy.cssSelector: input:nth-child(4)
09:59:27.592 [Test worker] INFO  com.phonebook.utils.MyListener -- *****************************
09:59:27.610 [Test worker] INFO  com.phonebook.utils.MyListener -- The locator is By.cssSelector: input:nth-child(4)
09:59:27.611 [Test worker] INFO  com.phonebook.utils.MyListener -- *******************************
09:59:27.638 [Test worker] INFO  com.phonebook.utils.MyListener -- The locator will findBy.cssSelector: input:nth-child(4)
09:59:27.638 [Test worker] INFO  com.phonebook.utils.MyListener -- *****************************
09:59:27.653 [Test worker] INFO  com.phonebook.utils.MyListener -- The locator is By.cssSelector: input:nth-child(4)
09:59:27.653 [Test worker] INFO  com.phonebook.utils.MyListener -- *******************************
09:59:27.684 [Test worker] INFO  com.phonebook.utils.MyListener -- The locator will findBy.cssSelector: input:nth-child(5)
09:59:27.684 [Test worker] INFO  com.phonebook.utils.MyListener -- *****************************
09:59:27.695 [Test worker] INFO  com.phonebook.utils.MyListener -- The locator is By.cssSelector: input:nth-child(5)
09:59:27.695 [Test worker] INFO  com.phonebook.utils.MyListener -- *******************************
09:59:27.738 [Test worker] INFO  com.phonebook.utils.MyListener -- The locator will findBy.cssSelector: input:nth-child(5)
09:59:27.739 [Test worker] INFO  com.phonebook.utils.MyListener -- *****************************
09:59:27.758 [Test worker] INFO  com.phonebook.utils.MyListener -- The locator is By.cssSelector: input:nth-child(5)
09:59:27.758 [Test worker] INFO  com.phonebook.utils.MyListener -- *******************************
09:59:27.784 [Test worker] INFO  com.phonebook.utils.MyListener -- The locator will findBy.cssSelector: input:nth-child(5)
09:59:27.785 [Test worker] INFO  com.phonebook.utils.MyListener -- *****************************
09:59:27.804 [Test worker] INFO  com.phonebook.utils.MyListener -- The locator is By.cssSelector: input:nth-child(5)
09:59:27.804 [Test worker] INFO  com.phonebook.utils.MyListener -- *******************************
09:59:27.848 [Test worker] INFO  com.phonebook.utils.MyListener -- The locator will findBy.cssSelector: input:nth-child(6)
09:59:27.848 [Test worker] INFO  com.phonebook.utils.MyListener -- *****************************
09:59:27.860 [Test worker] INFO  com.phonebook.utils.MyListener -- The locator is By.cssSelector: input:nth-child(6)
09:59:27.860 [Test worker] INFO  com.phonebook.utils.MyListener -- *******************************
09:59:27.911 [Test worker] INFO  com.phonebook.utils.MyListener -- The locator will findBy.cssSelector: input:nth-child(6)
09:59:27.911 [Test worker] INFO  com.phonebook.utils.MyListener -- *****************************
09:59:27.925 [Test worker] INFO  com.phonebook.utils.MyListener -- The locator is By.cssSelector: input:nth-child(6)
09:59:27.925 [Test worker] INFO  com.phonebook.utils.MyListener -- *******************************
09:59:27.953 [Test worker] INFO  com.phonebook.utils.MyListener -- The locator will findBy.cssSelector: input:nth-child(6)
09:59:27.953 [Test worker] INFO  com.phonebook.utils.MyListener -- *****************************
09:59:27.973 [Test worker] INFO  com.phonebook.utils.MyListener -- The locator is By.cssSelector: input:nth-child(6)
09:59:27.974 [Test worker] INFO  com.phonebook.utils.MyListener -- *******************************
09:59:28.013 [Test worker] INFO  com.phonebook.utils.MyListener -- The locator will findBy.cssSelector: .add_form__2rsm2 button
09:59:28.013 [Test worker] INFO  com.phonebook.utils.MyListener -- *****************************
09:59:28.027 [Test worker] INFO  com.phonebook.utils.MyListener -- The locator is By.cssSelector: .add_form__2rsm2 button
09:59:28.027 [Test worker] INFO  com.phonebook.utils.MyListener -- *******************************
09:59:28.074 [Test worker] INFO  com.phonebook.utils.MyListener -- Before Find ElementsBy.cssSelector: h2
09:59:28.074 [Test worker] INFO  com.phonebook.utils.MyListener -- **************************************
09:59:28.598 [Test worker] INFO  com.phonebook.utils.MyListener -- List size is 23
09:59:28.598 [Test worker] INFO  com.phonebook.utils.MyListener -- ***********************************************
09:59:28.620 [Test worker] INFO  com.phonebook.utils.MyListener -- The locator will findBy.cssSelector: .contact-item_card__2SOIM
09:59:28.620 [Test worker] INFO  com.phonebook.utils.MyListener -- *****************************
09:59:28.633 [Test worker] INFO  com.phonebook.utils.MyListener -- The locator is By.cssSelector: .contact-item_card__2SOIM
09:59:28.633 [Test worker] INFO  com.phonebook.utils.MyListener -- *******************************
09:59:28.683 [Test worker] INFO  com.phonebook.utils.MyListener -- The locator will findBy.xpath: //button[.='Remove']
09:59:28.683 [Test worker] INFO  com.phonebook.utils.MyListener -- *****************************
09:59:28.701 [Test worker] INFO  com.phonebook.utils.MyListener -- The locator is By.xpath: //button[.='Remove']
09:59:28.701 [Test worker] INFO  com.phonebook.utils.MyListener -- *******************************
09:59:28.744 [Test worker] INFO  com.phonebook.tests.TestBase -- PASSED: addContactPositiveFromDataProviderTest
09:59:28.744 [Test worker] INFO  com.phonebook.tests.TestBase -- Stop test
09:59:28.744 [Test worker] INFO  com.phonebook.tests.TestBase -- ====================================================
09:59:28.746 [Test worker] INFO  com.phonebook.tests.TestBase -- Start testaddContactPositiveFromDataProviderTest[Olya, Kan, 0123456789111, kan@gmail.com, Berlin, QA]
09:59:28.746 [Test worker] INFO  com.phonebook.utils.MyListener -- Before Find ElementsBy.cssSelector: [href='/login']
09:59:28.746 [Test worker] INFO  com.phonebook.utils.MyListener -- **************************************
09:59:38.807 [Test worker] INFO  com.phonebook.utils.MyListener -- List size is 0
09:59:38.807 [Test worker] INFO  com.phonebook.utils.MyListener -- ***********************************************
09:59:38.807 [Test worker] INFO  com.phonebook.utils.MyListener -- The locator will findBy.xpath: //button[.='Sign Out']
09:59:38.807 [Test worker] INFO  com.phonebook.utils.MyListener -- *****************************
09:59:38.824 [Test worker] INFO  com.phonebook.utils.MyListener -- The locator is By.xpath: //button[.='Sign Out']
09:59:38.825 [Test worker] INFO  com.phonebook.utils.MyListener -- *******************************
09:59:38.877 [Test worker] INFO  com.phonebook.utils.MyListener -- The locator will findBy.cssSelector: [href='/login']
09:59:38.877 [Test worker] INFO  com.phonebook.utils.MyListener -- *****************************
09:59:38.908 [Test worker] INFO  com.phonebook.utils.MyListener -- The locator is By.cssSelector: [href='/login']
09:59:38.908 [Test worker] INFO  com.phonebook.utils.MyListener -- *******************************
09:59:38.953 [Test worker] INFO  com.phonebook.utils.MyListener -- The locator will findBy.name: email
09:59:38.953 [Test worker] INFO  com.phonebook.utils.MyListener -- *****************************
09:59:38.966 [Test worker] INFO  com.phonebook.utils.MyListener -- The locator is By.name: email
09:59:38.966 [Test worker] INFO  com.phonebook.utils.MyListener -- *******************************
09:59:39.013 [Test worker] INFO  com.phonebook.utils.MyListener -- The locator will findBy.name: email
09:59:39.013 [Test worker] INFO  com.phonebook.utils.MyListener -- *****************************
09:59:39.024 [Test worker] INFO  com.phonebook.utils.MyListener -- The locator is By.name: email
09:59:39.024 [Test worker] INFO  com.phonebook.utils.MyListener -- *******************************
09:59:39.054 [Test worker] INFO  com.phonebook.utils.MyListener -- The locator will findBy.name: email
09:59:39.054 [Test worker] INFO  com.phonebook.utils.MyListener -- *****************************
09:59:39.064 [Test worker] INFO  com.phonebook.utils.MyListener -- The locator is By.name: email
09:59:39.067 [Test worker] INFO  com.phonebook.utils.MyListener -- *******************************
09:59:39.094 [Test worker] INFO  com.phonebook.utils.MyListener -- The locator will findBy.name: password
09:59:39.094 [Test worker] INFO  com.phonebook.utils.MyListener -- *****************************
09:59:39.104 [Test worker] INFO  com.phonebook.utils.MyListener -- The locator is By.name: password
09:59:39.105 [Test worker] INFO  com.phonebook.utils.MyListener -- *******************************
09:59:39.138 [Test worker] INFO  com.phonebook.utils.MyListener -- The locator will findBy.name: password
09:59:39.138 [Test worker] INFO  com.phonebook.utils.MyListener -- *****************************
09:59:39.150 [Test worker] INFO  com.phonebook.utils.MyListener -- The locator is By.name: password
09:59:39.150 [Test worker] INFO  com.phonebook.utils.MyListener -- *******************************
09:59:39.165 [Test worker] INFO  com.phonebook.utils.MyListener -- The locator will findBy.name: password
09:59:39.165 [Test worker] INFO  com.phonebook.utils.MyListener -- *****************************
09:59:39.174 [Test worker] INFO  com.phonebook.utils.MyListener -- The locator is By.name: password
09:59:39.174 [Test worker] INFO  com.phonebook.utils.MyListener -- *******************************
09:59:39.196 [Test worker] INFO  com.phonebook.utils.MyListener -- The locator will findBy.name: login
09:59:39.196 [Test worker] INFO  com.phonebook.utils.MyListener -- *****************************
09:59:39.205 [Test worker] INFO  com.phonebook.utils.MyListener -- The locator is By.name: login
09:59:39.205 [Test worker] INFO  com.phonebook.utils.MyListener -- *******************************
09:59:39.236 [Test worker] INFO  com.phonebook.utils.MyListener -- The locator will findBy.cssSelector: [href='/add']
09:59:39.236 [Test worker] INFO  com.phonebook.utils.MyListener -- *****************************
09:59:39.507 [Test worker] INFO  com.phonebook.utils.MyListener -- The locator is By.cssSelector: [href='/add']
09:59:39.507 [Test worker] INFO  com.phonebook.utils.MyListener -- *******************************
09:59:39.575 [Test worker] INFO  com.phonebook.utils.MyListener -- The locator will findBy.cssSelector: input:nth-child(1)
09:59:39.575 [Test worker] INFO  com.phonebook.utils.MyListener -- *****************************
09:59:39.590 [Test worker] INFO  com.phonebook.utils.MyListener -- The locator is By.cssSelector: input:nth-child(1)
09:59:39.590 [Test worker] INFO  com.phonebook.utils.MyListener -- *******************************
09:59:39.636 [Test worker] INFO  com.phonebook.utils.MyListener -- The locator will findBy.cssSelector: input:nth-child(1)
09:59:39.636 [Test worker] INFO  com.phonebook.utils.MyListener -- *****************************
09:59:39.649 [Test worker] INFO  com.phonebook.utils.MyListener -- The locator is By.cssSelector: input:nth-child(1)
09:59:39.649 [Test worker] INFO  com.phonebook.utils.MyListener -- *******************************
09:59:39.669 [Test worker] INFO  com.phonebook.utils.MyListener -- The locator will findBy.cssSelector: input:nth-child(1)
09:59:39.669 [Test worker] INFO  com.phonebook.utils.MyListener -- *****************************
09:59:39.677 [Test worker] INFO  com.phonebook.utils.MyListener -- The locator is By.cssSelector: input:nth-child(1)
09:59:39.679 [Test worker] INFO  com.phonebook.utils.MyListener -- *******************************
09:59:39.698 [Test worker] INFO  com.phonebook.utils.MyListener -- The locator will findBy.cssSelector: input:nth-child(2)
09:59:39.698 [Test worker] INFO  com.phonebook.utils.MyListener -- *****************************
09:59:39.712 [Test worker] INFO  com.phonebook.utils.MyListener -- The locator is By.cssSelector: input:nth-child(2)
09:59:39.712 [Test worker] INFO  com.phonebook.utils.MyListener -- *******************************
09:59:39.754 [Test worker] INFO  com.phonebook.utils.MyListener -- The locator will findBy.cssSelector: input:nth-child(2)
09:59:39.754 [Test worker] INFO  com.phonebook.utils.MyListener -- *****************************
09:59:39.765 [Test worker] INFO  com.phonebook.utils.MyListener -- The locator is By.cssSelector: input:nth-child(2)
09:59:39.765 [Test worker] INFO  com.phonebook.utils.MyListener -- *******************************
09:59:39.782 [Test worker] INFO  com.phonebook.utils.MyListener -- The locator will findBy.cssSelector: input:nth-child(2)
09:59:39.782 [Test worker] INFO  com.phonebook.utils.MyListener -- *****************************
09:59:39.791 [Test worker] INFO  com.phonebook.utils.MyListener -- The locator is By.cssSelector: input:nth-child(2)
09:59:39.791 [Test worker] INFO  com.phonebook.utils.MyListener -- *******************************
09:59:39.811 [Test worker] INFO  com.phonebook.utils.MyListener -- The locator will findBy.cssSelector: input:nth-child(3)
09:59:39.811 [Test worker] INFO  com.phonebook.utils.MyListener -- *****************************
09:59:39.823 [Test worker] INFO  com.phonebook.utils.MyListener -- The locator is By.cssSelector: input:nth-child(3)
09:59:39.823 [Test worker] INFO  com.phonebook.utils.MyListener -- *******************************
09:59:39.883 [Test worker] INFO  com.phonebook.utils.MyListener -- The locator will findBy.cssSelector: input:nth-child(3)
09:59:39.883 [Test worker] INFO  com.phonebook.utils.MyListener -- *****************************
09:59:39.904 [Test worker] INFO  com.phonebook.utils.MyListener -- The locator is By.cssSelector: input:nth-child(3)
09:59:39.904 [Test worker] INFO  com.phonebook.utils.MyListener -- *******************************
09:59:39.930 [Test worker] INFO  com.phonebook.utils.MyListener -- The locator will findBy.cssSelector: input:nth-child(3)
09:59:39.932 [Test worker] INFO  com.phonebook.utils.MyListener -- *****************************
09:59:39.943 [Test worker] INFO  com.phonebook.utils.MyListener -- The locator is By.cssSelector: input:nth-child(3)
09:59:39.943 [Test worker] INFO  com.phonebook.utils.MyListener -- *******************************
09:59:39.993 [Test worker] INFO  com.phonebook.utils.MyListener -- The locator will findBy.cssSelector: input:nth-child(4)
09:59:39.994 [Test worker] INFO  com.phonebook.utils.MyListener -- *****************************
09:59:40.015 [Test worker] INFO  com.phonebook.utils.MyListener -- The locator is By.cssSelector: input:nth-child(4)
09:59:40.015 [Test worker] INFO  com.phonebook.utils.MyListener -- *******************************
09:59:40.081 [Test worker] INFO  com.phonebook.utils.MyListener -- The locator will findBy.cssSelector: input:nth-child(4)
09:59:40.081 [Test worker] INFO  com.phonebook.utils.MyListener -- *****************************
09:59:40.097 [Test worker] INFO  com.phonebook.utils.MyListener -- The locator is By.cssSelector: input:nth-child(4)
09:59:40.097 [Test worker] INFO  com.phonebook.utils.MyListener -- *******************************
09:59:40.122 [Test worker] INFO  com.phonebook.utils.MyListener -- The locator will findBy.cssSelector: input:nth-child(4)
09:59:40.122 [Test worker] INFO  com.phonebook.utils.MyListener -- *****************************
09:59:40.132 [Test worker] INFO  com.phonebook.utils.MyListener -- The locator is By.cssSelector: input:nth-child(4)
09:59:40.132 [Test worker] INFO  com.phonebook.utils.MyListener -- *******************************
09:59:40.166 [Test worker] INFO  com.phonebook.utils.MyListener -- The locator will findBy.cssSelector: input:nth-child(5)
09:59:40.166 [Test worker] INFO  com.phonebook.utils.MyListener -- *****************************
09:59:40.178 [Test worker] INFO  com.phonebook.utils.MyListener -- The locator is By.cssSelector: input:nth-child(5)
09:59:40.178 [Test worker] INFO  com.phonebook.utils.MyListener -- *******************************
09:59:40.218 [Test worker] INFO  com.phonebook.utils.MyListener -- The locator will findBy.cssSelector: input:nth-child(5)
09:59:40.218 [Test worker] INFO  com.phonebook.utils.MyListener -- *****************************
09:59:40.232 [Test worker] INFO  com.phonebook.utils.MyListener -- The locator is By.cssSelector: input:nth-child(5)
09:59:40.233 [Test worker] INFO  com.phonebook.utils.MyListener -- *******************************
09:59:40.251 [Test worker] INFO  com.phonebook.utils.MyListener -- The locator will findBy.cssSelector: input:nth-child(5)
09:59:40.251 [Test worker] INFO  com.phonebook.utils.MyListener -- *****************************
09:59:40.262 [Test worker] INFO  com.phonebook.utils.MyListener -- The locator is By.cssSelector: input:nth-child(5)
09:59:40.262 [Test worker] INFO  com.phonebook.utils.MyListener -- *******************************
09:59:40.292 [Test worker] INFO  com.phonebook.utils.MyListener -- The locator will findBy.cssSelector: input:nth-child(6)
09:59:40.292 [Test worker] INFO  com.phonebook.utils.MyListener -- *****************************
09:59:40.302 [Test worker] INFO  com.phonebook.utils.MyListener -- The locator is By.cssSelector: input:nth-child(6)
09:59:40.302 [Test worker] INFO  com.phonebook.utils.MyListener -- *******************************
09:59:40.338 [Test worker] INFO  com.phonebook.utils.MyListener -- The locator will findBy.cssSelector: input:nth-child(6)
09:59:40.338 [Test worker] INFO  com.phonebook.utils.MyListener -- *****************************
09:59:40.353 [Test worker] INFO  com.phonebook.utils.MyListener -- The locator is By.cssSelector: input:nth-child(6)
09:59:40.353 [Test worker] INFO  com.phonebook.utils.MyListener -- *******************************
09:59:40.370 [Test worker] INFO  com.phonebook.utils.MyListener -- The locator will findBy.cssSelector: input:nth-child(6)
09:59:40.370 [Test worker] INFO  com.phonebook.utils.MyListener -- *****************************
09:59:40.378 [Test worker] INFO  com.phonebook.utils.MyListener -- The locator is By.cssSelector: input:nth-child(6)
09:59:40.378 [Test worker] INFO  com.phonebook.utils.MyListener -- *******************************
09:59:40.403 [Test worker] INFO  com.phonebook.utils.MyListener -- The locator will findBy.cssSelector: .add_form__2rsm2 button
09:59:40.403 [Test worker] INFO  com.phonebook.utils.MyListener -- *****************************
09:59:40.412 [Test worker] INFO  com.phonebook.utils.MyListener -- The locator is By.cssSelector: .add_form__2rsm2 button
09:59:40.412 [Test worker] INFO  com.phonebook.utils.MyListener -- *******************************
09:59:40.446 [Test worker] INFO  com.phonebook.utils.MyListener -- Before Find ElementsBy.cssSelector: h2
09:59:40.446 [Test worker] INFO  com.phonebook.utils.MyListener -- **************************************
09:59:40.854 [Test worker] INFO  com.phonebook.utils.MyListener -- List size is 23
09:59:40.854 [Test worker] INFO  com.phonebook.utils.MyListener -- ***********************************************
09:59:40.864 [Test worker] INFO  com.phonebook.utils.MyListener -- The locator will findBy.cssSelector: .contact-item_card__2SOIM
09:59:40.864 [Test worker] INFO  com.phonebook.utils.MyListener -- *****************************
09:59:40.875 [Test worker] INFO  com.phonebook.utils.MyListener -- The locator is By.cssSelector: .contact-item_card__2SOIM
09:59:40.875 [Test worker] INFO  com.phonebook.utils.MyListener -- *******************************
09:59:40.926 [Test worker] INFO  com.phonebook.utils.MyListener -- The locator will findBy.xpath: //button[.='Remove']
09:59:40.927 [Test worker] INFO  com.phonebook.utils.MyListener -- *****************************
09:59:40.940 [Test worker] INFO  com.phonebook.utils.MyListener -- The locator is By.xpath: //button[.='Remove']
09:59:40.940 [Test worker] INFO  com.phonebook.utils.MyListener -- *******************************
09:59:40.974 [Test worker] INFO  com.phonebook.tests.TestBase -- PASSED: addContactPositiveFromDataProviderTest
09:59:40.975 [Test worker] INFO  com.phonebook.tests.TestBase -- Stop test
09:59:40.975 [Test worker] INFO  com.phonebook.tests.TestBase -- ====================================================
09:59:40.977 [Test worker] INFO  com.phonebook.tests.TestBase -- Start testaddContactPositiveFromDataProviderWithCsvFileTest[Contact{phone='1234567890', name='Oliver'}]
09:59:40.978 [Test worker] INFO  com.phonebook.utils.MyListener -- Before Find ElementsBy.cssSelector: [href='/login']
09:59:40.978 [Test worker] INFO  com.phonebook.utils.MyListener -- **************************************
09:59:51.025 [Test worker] INFO  com.phonebook.utils.MyListener -- List size is 0
09:59:51.025 [Test worker] INFO  com.phonebook.utils.MyListener -- ***********************************************
09:59:51.026 [Test worker] INFO  com.phonebook.utils.MyListener -- The locator will findBy.xpath: //button[.='Sign Out']
09:59:51.026 [Test worker] INFO  com.phonebook.utils.MyListener -- *****************************
09:59:51.040 [Test worker] INFO  com.phonebook.utils.MyListener -- The locator is By.xpath: //button[.='Sign Out']
09:59:51.040 [Test worker] INFO  com.phonebook.utils.MyListener -- *******************************
09:59:51.087 [Test worker] INFO  com.phonebook.utils.MyListener -- The locator will findBy.cssSelector: [href='/login']
09:59:51.087 [Test worker] INFO  com.phonebook.utils.MyListener -- *****************************
09:59:51.118 [Test worker] INFO  com.phonebook.utils.MyListener -- The locator is By.cssSelector: [href='/login']
09:59:51.118 [Test worker] INFO  com.phonebook.utils.MyListener -- *******************************
09:59:51.184 [Test worker] INFO  com.phonebook.utils.MyListener -- The locator will findBy.name: email
09:59:51.184 [Test worker] INFO  com.phonebook.utils.MyListener -- *****************************
09:59:51.203 [Test worker] INFO  com.phonebook.utils.MyListener -- The locator is By.name: email
09:59:51.204 [Test worker] INFO  com.phonebook.utils.MyListener -- *******************************
09:59:51.244 [Test worker] INFO  com.phonebook.utils.MyListener -- The locator will findBy.name: email
09:59:51.244 [Test worker] INFO  com.phonebook.utils.MyListener -- *****************************
09:59:51.256 [Test worker] INFO  com.phonebook.utils.MyListener -- The locator is By.name: email
09:59:51.256 [Test worker] INFO  com.phonebook.utils.MyListener -- *******************************
09:59:51.273 [Test worker] INFO  com.phonebook.utils.MyListener -- The locator will findBy.name: email
09:59:51.274 [Test worker] INFO  com.phonebook.utils.MyListener -- *****************************
09:59:51.282 [Test worker] INFO  com.phonebook.utils.MyListener -- The locator is By.name: email
09:59:51.284 [Test worker] INFO  com.phonebook.utils.MyListener -- *******************************
09:59:51.312 [Test worker] INFO  com.phonebook.utils.MyListener -- The locator will findBy.name: password
09:59:51.312 [Test worker] INFO  com.phonebook.utils.MyListener -- *****************************
09:59:51.324 [Test worker] INFO  com.phonebook.utils.MyListener -- The locator is By.name: password
09:59:51.325 [Test worker] INFO  com.phonebook.utils.MyListener -- *******************************
09:59:51.363 [Test worker] INFO  com.phonebook.utils.MyListener -- The locator will findBy.name: password
09:59:51.364 [Test worker] INFO  com.phonebook.utils.MyListener -- *****************************
09:59:51.375 [Test worker] INFO  com.phonebook.utils.MyListener -- The locator is By.name: password
09:59:51.375 [Test worker] INFO  com.phonebook.utils.MyListener -- *******************************
09:59:51.397 [Test worker] INFO  com.phonebook.utils.MyListener -- The locator will findBy.name: password
09:59:51.397 [Test worker] INFO  com.phonebook.utils.MyListener -- *****************************
09:59:51.409 [Test worker] INFO  com.phonebook.utils.MyListener -- The locator is By.name: password
09:59:51.409 [Test worker] INFO  com.phonebook.utils.MyListener -- *******************************
09:59:51.440 [Test worker] INFO  com.phonebook.utils.MyListener -- The locator will findBy.name: login
09:59:51.440 [Test worker] INFO  com.phonebook.utils.MyListener -- *****************************
09:59:51.452 [Test worker] INFO  com.phonebook.utils.MyListener -- The locator is By.name: login
09:59:51.452 [Test worker] INFO  com.phonebook.utils.MyListener -- *******************************
09:59:51.500 [Test worker] INFO  com.phonebook.utils.MyListener -- The locator will findBy.cssSelector: [href='/add']
09:59:51.500 [Test worker] INFO  com.phonebook.utils.MyListener -- *****************************
09:59:51.771 [Test worker] INFO  com.phonebook.utils.MyListener -- The locator is By.cssSelector: [href='/add']
09:59:51.771 [Test worker] INFO  com.phonebook.utils.MyListener -- *******************************
09:59:51.818 [Test worker] INFO  com.phonebook.utils.MyListener -- The locator will findBy.cssSelector: input:nth-child(1)
09:59:51.818 [Test worker] INFO  com.phonebook.utils.MyListener -- *****************************
09:59:51.831 [Test worker] INFO  com.phonebook.utils.MyListener -- The locator is By.cssSelector: input:nth-child(1)
09:59:51.831 [Test worker] INFO  com.phonebook.utils.MyListener -- *******************************
09:59:51.874 [Test worker] INFO  com.phonebook.utils.MyListener -- The locator will findBy.cssSelector: input:nth-child(1)
09:59:51.874 [Test worker] INFO  com.phonebook.utils.MyListener -- *****************************
09:59:51.885 [Test worker] INFO  com.phonebook.utils.MyListener -- The locator is By.cssSelector: input:nth-child(1)
09:59:51.885 [Test worker] INFO  com.phonebook.utils.MyListener -- *******************************
09:59:51.902 [Test worker] INFO  com.phonebook.utils.MyListener -- The locator will findBy.cssSelector: input:nth-child(1)
09:59:51.902 [Test worker] INFO  com.phonebook.utils.MyListener -- *****************************
09:59:51.912 [Test worker] INFO  com.phonebook.utils.MyListener -- The locator is By.cssSelector: input:nth-child(1)
09:59:51.912 [Test worker] INFO  com.phonebook.utils.MyListener -- *******************************
09:59:51.936 [Test worker] INFO  com.phonebook.utils.MyListener -- The locator will findBy.cssSelector: input:nth-child(2)
09:59:51.937 [Test worker] INFO  com.phonebook.utils.MyListener -- *****************************
09:59:51.945 [Test worker] INFO  com.phonebook.utils.MyListener -- The locator is By.cssSelector: input:nth-child(2)
09:59:51.945 [Test worker] INFO  com.phonebook.utils.MyListener -- *******************************
09:59:51.984 [Test worker] INFO  com.phonebook.utils.MyListener -- The locator will findBy.cssSelector: input:nth-child(2)
09:59:51.984 [Test worker] INFO  com.phonebook.utils.MyListener -- *****************************
09:59:51.999 [Test worker] INFO  com.phonebook.utils.MyListener -- The locator is By.cssSelector: input:nth-child(2)
09:59:51.999 [Test worker] INFO  com.phonebook.utils.MyListener -- *******************************
09:59:52.018 [Test worker] INFO  com.phonebook.utils.MyListener -- The locator will findBy.cssSelector: input:nth-child(2)
09:59:52.018 [Test worker] INFO  com.phonebook.utils.MyListener -- *****************************
09:59:52.030 [Test worker] INFO  com.phonebook.utils.MyListener -- The locator is By.cssSelector: input:nth-child(2)
09:59:52.030 [Test worker] INFO  com.phonebook.utils.MyListener -- *******************************
09:59:52.062 [Test worker] INFO  com.phonebook.utils.MyListener -- The locator will findBy.cssSelector: input:nth-child(3)
09:59:52.062 [Test worker] INFO  com.phonebook.utils.MyListener -- *****************************
09:59:52.075 [Test worker] INFO  com.phonebook.utils.MyListener -- The locator is By.cssSelector: input:nth-child(3)
09:59:52.075 [Test worker] INFO  com.phonebook.utils.MyListener -- *******************************
09:59:52.125 [Test worker] INFO  com.phonebook.utils.MyListener -- The locator will findBy.cssSelector: input:nth-child(3)
09:59:52.125 [Test worker] INFO  com.phonebook.utils.MyListener -- *****************************
09:59:52.140 [Test worker] INFO  com.phonebook.utils.MyListener -- The locator is By.cssSelector: input:nth-child(3)
09:59:52.141 [Test worker] INFO  com.phonebook.utils.MyListener -- *******************************
09:59:52.169 [Test worker] INFO  com.phonebook.utils.MyListener -- The locator will findBy.cssSelector: input:nth-child(3)
09:59:52.169 [Test worker] INFO  com.phonebook.utils.MyListener -- *****************************
09:59:52.181 [Test worker] INFO  com.phonebook.utils.MyListener -- The locator is By.cssSelector: input:nth-child(3)
09:59:52.181 [Test worker] INFO  com.phonebook.utils.MyListener -- *******************************
09:59:52.210 [Test worker] INFO  com.phonebook.utils.MyListener -- The locator will findBy.cssSelector: input:nth-child(4)
09:59:52.210 [Test worker] INFO  com.phonebook.utils.MyListener -- *****************************
09:59:52.225 [Test worker] INFO  com.phonebook.utils.MyListener -- The locator is By.cssSelector: input:nth-child(4)
09:59:52.225 [Test worker] INFO  com.phonebook.utils.MyListener -- *******************************
09:59:52.287 [Test worker] INFO  com.phonebook.utils.MyListener -- The locator will findBy.cssSelector: input:nth-child(4)
09:59:52.287 [Test worker] INFO  com.phonebook.utils.MyListener -- *****************************
09:59:52.307 [Test worker] INFO  com.phonebook.utils.MyListener -- The locator is By.cssSelector: input:nth-child(4)
09:59:52.307 [Test worker] INFO  com.phonebook.utils.MyListener -- *******************************
09:59:52.330 [Test worker] INFO  com.phonebook.utils.MyListener -- The locator will findBy.cssSelector: input:nth-child(4)
09:59:52.331 [Test worker] INFO  com.phonebook.utils.MyListener -- *****************************
09:59:52.342 [Test worker] INFO  com.phonebook.utils.MyListener -- The locator is By.cssSelector: input:nth-child(4)
09:59:52.342 [Test worker] INFO  com.phonebook.utils.MyListener -- *******************************
09:59:52.379 [Test worker] INFO  com.phonebook.utils.MyListener -- The locator will findBy.cssSelector: input:nth-child(5)
09:59:52.380 [Test worker] INFO  com.phonebook.utils.MyListener -- *****************************
09:59:52.392 [Test worker] INFO  com.phonebook.utils.MyListener -- The locator is By.cssSelector: input:nth-child(5)
09:59:52.392 [Test worker] INFO  com.phonebook.utils.MyListener -- *******************************
09:59:52.437 [Test worker] INFO  com.phonebook.utils.MyListener -- The locator will findBy.cssSelector: input:nth-child(5)
09:59:52.437 [Test worker] INFO  com.phonebook.utils.MyListener -- *****************************
09:59:52.452 [Test worker] INFO  com.phonebook.utils.MyListener -- The locator is By.cssSelector: input:nth-child(5)
09:59:52.452 [Test worker] INFO  com.phonebook.utils.MyListener -- *******************************
09:59:52.479 [Test worker] INFO  com.phonebook.utils.MyListener -- The locator will findBy.cssSelector: input:nth-child(5)
09:59:52.479 [Test worker] INFO  com.phonebook.utils.MyListener -- *****************************
09:59:52.492 [Test worker] INFO  com.phonebook.utils.MyListener -- The locator is By.cssSelector: input:nth-child(5)
09:59:52.492 [Test worker] INFO  com.phonebook.utils.MyListener -- *******************************
09:59:52.526 [Test worker] INFO  com.phonebook.utils.MyListener -- The locator will findBy.cssSelector: input:nth-child(6)
09:59:52.526 [Test worker] INFO  com.phonebook.utils.MyListener -- *****************************
09:59:52.543 [Test worker] INFO  com.phonebook.utils.MyListener -- The locator is By.cssSelector: input:nth-child(6)
09:59:52.543 [Test worker] INFO  com.phonebook.utils.MyListener -- *******************************
09:59:52.593 [Test worker] INFO  com.phonebook.utils.MyListener -- The locator will findBy.cssSelector: input:nth-child(6)
09:59:52.593 [Test worker] INFO  com.phonebook.utils.MyListener -- *****************************
09:59:52.607 [Test worker] INFO  com.phonebook.utils.MyListener -- The locator is By.cssSelector: input:nth-child(6)
09:59:52.609 [Test worker] INFO  com.phonebook.utils.MyListener -- *******************************
09:59:52.629 [Test worker] INFO  com.phonebook.utils.MyListener -- The locator will findBy.cssSelector: input:nth-child(6)
09:59:52.629 [Test worker] INFO  com.phonebook.utils.MyListener -- *****************************
09:59:52.639 [Test worker] INFO  com.phonebook.utils.MyListener -- The locator is By.cssSelector: input:nth-child(6)
09:59:52.639 [Test worker] INFO  com.phonebook.utils.MyListener -- *******************************
09:59:52.658 [Test worker] INFO  com.phonebook.utils.MyListener -- The locator will findBy.cssSelector: .add_form__2rsm2 button
09:59:52.658 [Test worker] INFO  com.phonebook.utils.MyListener -- *****************************
09:59:52.667 [Test worker] INFO  com.phonebook.utils.MyListener -- The locator is By.cssSelector: .add_form__2rsm2 button
09:59:52.667 [Test worker] INFO  com.phonebook.utils.MyListener -- *******************************
09:59:52.701 [Test worker] INFO  com.phonebook.utils.MyListener -- Before Find ElementsBy.cssSelector: h2
09:59:52.702 [Test worker] INFO  com.phonebook.utils.MyListener -- **************************************
09:59:53.101 [Test worker] INFO  com.phonebook.utils.MyListener -- List size is 23
09:59:53.102 [Test worker] INFO  com.phonebook.utils.MyListener -- ***********************************************
09:59:53.132 [Test worker] INFO  com.phonebook.utils.MyListener -- The locator will findBy.cssSelector: .contact-item_card__2SOIM
09:59:53.133 [Test worker] INFO  com.phonebook.utils.MyListener -- *****************************
09:59:53.148 [Test worker] INFO  com.phonebook.utils.MyListener -- The locator is By.cssSelector: .contact-item_card__2SOIM
09:59:53.148 [Test worker] INFO  com.phonebook.utils.MyListener -- *******************************
09:59:53.204 [Test worker] INFO  com.phonebook.utils.MyListener -- The locator will findBy.xpath: //button[.='Remove']
09:59:53.204 [Test worker] INFO  com.phonebook.utils.MyListener -- *****************************
09:59:53.218 [Test worker] INFO  com.phonebook.utils.MyListener -- The locator is By.xpath: //button[.='Remove']
09:59:53.218 [Test worker] INFO  com.phonebook.utils.MyListener -- *******************************
09:59:53.262 [Test worker] INFO  com.phonebook.tests.TestBase -- PASSED: addContactPositiveFromDataProviderWithCsvFileTest
09:59:53.262 [Test worker] INFO  com.phonebook.tests.TestBase -- Stop test
09:59:53.262 [Test worker] INFO  com.phonebook.tests.TestBase -- ====================================================
09:59:53.263 [Test worker] INFO  com.phonebook.tests.TestBase -- Start testaddContactPositiveFromDataProviderWithCsvFileTest[Contact{phone='12345678911', name='Tomash'}]
09:59:53.264 [Test worker] INFO  com.phonebook.utils.MyListener -- Before Find ElementsBy.cssSelector: [href='/login']
09:59:53.264 [Test worker] INFO  com.phonebook.utils.MyListener -- **************************************
10:00:03.318 [Test worker] INFO  com.phonebook.utils.MyListener -- List size is 0
10:00:03.318 [Test worker] INFO  com.phonebook.utils.MyListener -- ***********************************************
10:00:03.318 [Test worker] INFO  com.phonebook.utils.MyListener -- The locator will findBy.xpath: //button[.='Sign Out']
10:00:03.318 [Test worker] INFO  com.phonebook.utils.MyListener -- *****************************
10:00:03.333 [Test worker] INFO  com.phonebook.utils.MyListener -- The locator is By.xpath: //button[.='Sign Out']
10:00:03.333 [Test worker] INFO  com.phonebook.utils.MyListener -- *******************************
10:00:03.389 [Test worker] INFO  com.phonebook.utils.MyListener -- The locator will findBy.cssSelector: [href='/login']
10:00:03.389 [Test worker] INFO  com.phonebook.utils.MyListener -- *****************************
10:00:03.404 [Test worker] INFO  com.phonebook.utils.MyListener -- The locator is By.cssSelector: [href='/login']
10:00:03.404 [Test worker] INFO  com.phonebook.utils.MyListener -- *******************************
10:00:03.479 [Test worker] INFO  com.phonebook.utils.MyListener -- The locator will findBy.name: email
10:00:03.481 [Test worker] INFO  com.phonebook.utils.MyListener -- *****************************
10:00:03.490 [Test worker] INFO  com.phonebook.utils.MyListener -- The locator is By.name: email
10:00:03.490 [Test worker] INFO  com.phonebook.utils.MyListener -- *******************************
10:00:03.525 [Test worker] INFO  com.phonebook.utils.MyListener -- The locator will findBy.name: email
10:00:03.525 [Test worker] INFO  com.phonebook.utils.MyListener -- *****************************
10:00:03.533 [Test worker] INFO  com.phonebook.utils.MyListener -- The locator is By.name: email
10:00:03.533 [Test worker] INFO  com.phonebook.utils.MyListener -- *******************************
10:00:03.554 [Test worker] INFO  com.phonebook.utils.MyListener -- The locator will findBy.name: email
10:00:03.554 [Test worker] INFO  com.phonebook.utils.MyListener -- *****************************
10:00:03.564 [Test worker] INFO  com.phonebook.utils.MyListener -- The locator is By.name: email
10:00:03.564 [Test worker] INFO  com.phonebook.utils.MyListener -- *******************************
10:00:03.599 [Test worker] INFO  com.phonebook.utils.MyListener -- The locator will findBy.name: password
10:00:03.599 [Test worker] INFO  com.phonebook.utils.MyListener -- *****************************
10:00:03.615 [Test worker] INFO  com.phonebook.utils.MyListener -- The locator is By.name: password
10:00:03.615 [Test worker] INFO  com.phonebook.utils.MyListener -- *******************************
10:00:03.657 [Test worker] INFO  com.phonebook.utils.MyListener -- The locator will findBy.name: password
10:00:03.657 [Test worker] INFO  com.phonebook.utils.MyListener -- *****************************
10:00:03.667 [Test worker] INFO  com.phonebook.utils.MyListener -- The locator is By.name: password
10:00:03.667 [Test worker] INFO  com.phonebook.utils.MyListener -- *******************************
10:00:03.682 [Test worker] INFO  com.phonebook.utils.MyListener -- The locator will findBy.name: password
10:00:03.682 [Test worker] INFO  com.phonebook.utils.MyListener -- *****************************
10:00:03.690 [Test worker] INFO  com.phonebook.utils.MyListener -- The locator is By.name: password
10:00:03.691 [Test worker] INFO  com.phonebook.utils.MyListener -- *******************************
10:00:03.714 [Test worker] INFO  com.phonebook.utils.MyListener -- The locator will findBy.name: login
10:00:03.714 [Test worker] INFO  com.phonebook.utils.MyListener -- *****************************
10:00:03.724 [Test worker] INFO  com.phonebook.utils.MyListener -- The locator is By.name: login
10:00:03.724 [Test worker] INFO  com.phonebook.utils.MyListener -- *******************************
10:00:03.790 [Test worker] INFO  com.phonebook.utils.MyListener -- The locator will findBy.cssSelector: [href='/add']
10:00:03.791 [Test worker] INFO  com.phonebook.utils.MyListener -- *****************************
10:00:04.063 [Test worker] INFO  com.phonebook.utils.MyListener -- The locator is By.cssSelector: [href='/add']
10:00:04.063 [Test worker] INFO  com.phonebook.utils.MyListener -- *******************************
10:00:04.107 [Test worker] INFO  com.phonebook.utils.MyListener -- The locator will findBy.cssSelector: input:nth-child(1)
10:00:04.107 [Test worker] INFO  com.phonebook.utils.MyListener -- *****************************
10:00:04.124 [Test worker] INFO  com.phonebook.utils.MyListener -- The locator is By.cssSelector: input:nth-child(1)
10:00:04.124 [Test worker] INFO  com.phonebook.utils.MyListener -- *******************************
10:00:04.170 [Test worker] INFO  com.phonebook.utils.MyListener -- The locator will findBy.cssSelector: input:nth-child(1)
10:00:04.172 [Test worker] INFO  com.phonebook.utils.MyListener -- *****************************
10:00:04.189 [Test worker] INFO  com.phonebook.utils.MyListener -- The locator is By.cssSelector: input:nth-child(1)
10:00:04.189 [Test worker] INFO  com.phonebook.utils.MyListener -- *******************************
10:00:04.208 [Test worker] INFO  com.phonebook.utils.MyListener -- The locator will findBy.cssSelector: input:nth-child(1)
10:00:04.208 [Test worker] INFO  com.phonebook.utils.MyListener -- *****************************
10:00:04.215 [Test worker] INFO  com.phonebook.utils.MyListener -- The locator is By.cssSelector: input:nth-child(1)
10:00:04.215 [Test worker] INFO  com.phonebook.utils.MyListener -- *******************************
10:00:04.240 [Test worker] INFO  com.phonebook.utils.MyListener -- The locator will findBy.cssSelector: input:nth-child(2)
10:00:04.240 [Test worker] INFO  com.phonebook.utils.MyListener -- *****************************
10:00:04.249 [Test worker] INFO  com.phonebook.utils.MyListener -- The locator is By.cssSelector: input:nth-child(2)
10:00:04.250 [Test worker] INFO  com.phonebook.utils.MyListener -- *******************************
10:00:04.295 [Test worker] INFO  com.phonebook.utils.MyListener -- The locator will findBy.cssSelector: input:nth-child(2)
10:00:04.295 [Test worker] INFO  com.phonebook.utils.MyListener -- *****************************
10:00:04.309 [Test worker] INFO  com.phonebook.utils.MyListener -- The locator is By.cssSelector: input:nth-child(2)
10:00:04.309 [Test worker] INFO  com.phonebook.utils.MyListener -- *******************************
10:00:04.330 [Test worker] INFO  com.phonebook.utils.MyListener -- The locator will findBy.cssSelector: input:nth-child(2)
10:00:04.330 [Test worker] INFO  com.phonebook.utils.MyListener -- *****************************
10:00:04.339 [Test worker] INFO  com.phonebook.utils.MyListener -- The locator is By.cssSelector: input:nth-child(2)
10:00:04.339 [Test worker] INFO  com.phonebook.utils.MyListener -- *******************************
10:00:04.360 [Test worker] INFO  com.phonebook.utils.MyListener -- The locator will findBy.cssSelector: input:nth-child(3)
10:00:04.360 [Test worker] INFO  com.phonebook.utils.MyListener -- *****************************
10:00:04.369 [Test worker] INFO  com.phonebook.utils.MyListener -- The locator is By.cssSelector: input:nth-child(3)
10:00:04.369 [Test worker] INFO  com.phonebook.utils.MyListener -- *******************************
10:00:04.403 [Test worker] INFO  com.phonebook.utils.MyListener -- The locator will findBy.cssSelector: input:nth-child(3)
10:00:04.403 [Test worker] INFO  com.phonebook.utils.MyListener -- *****************************
10:00:04.419 [Test worker] INFO  com.phonebook.utils.MyListener -- The locator is By.cssSelector: input:nth-child(3)
10:00:04.419 [Test worker] INFO  com.phonebook.utils.MyListener -- *******************************
10:00:04.450 [Test worker] INFO  com.phonebook.utils.MyListener -- The locator will findBy.cssSelector: input:nth-child(3)
10:00:04.450 [Test worker] INFO  com.phonebook.utils.MyListener -- *****************************
10:00:04.462 [Test worker] INFO  com.phonebook.utils.MyListener -- The locator is By.cssSelector: input:nth-child(3)
10:00:04.462 [Test worker] INFO  com.phonebook.utils.MyListener -- *******************************
10:00:04.506 [Test worker] INFO  com.phonebook.utils.MyListener -- The locator will findBy.cssSelector: input:nth-child(4)
10:00:04.507 [Test worker] INFO  com.phonebook.utils.MyListener -- *****************************
10:00:04.518 [Test worker] INFO  com.phonebook.utils.MyListener -- The locator is By.cssSelector: input:nth-child(4)
10:00:04.518 [Test worker] INFO  com.phonebook.utils.MyListener -- *******************************
10:00:04.569 [Test worker] INFO  com.phonebook.utils.MyListener -- The locator will findBy.cssSelector: input:nth-child(4)
10:00:04.569 [Test worker] INFO  com.phonebook.utils.MyListener -- *****************************
10:00:04.583 [Test worker] INFO  com.phonebook.utils.MyListener -- The locator is By.cssSelector: input:nth-child(4)
10:00:04.583 [Test worker] INFO  com.phonebook.utils.MyListener -- *******************************
10:00:04.616 [Test worker] INFO  com.phonebook.utils.MyListener -- The locator will findBy.cssSelector: input:nth-child(4)
10:00:04.616 [Test worker] INFO  com.phonebook.utils.MyListener -- *****************************
10:00:04.629 [Test worker] INFO  com.phonebook.utils.MyListener -- The locator is By.cssSelector: input:nth-child(4)
10:00:04.629 [Test worker] INFO  com.phonebook.utils.MyListener -- *******************************
10:00:04.668 [Test worker] INFO  com.phonebook.utils.MyListener -- The locator will findBy.cssSelector: input:nth-child(5)
10:00:04.669 [Test worker] INFO  com.phonebook.utils.MyListener -- *****************************
10:00:04.680 [Test worker] INFO  com.phonebook.utils.MyListener -- The locator is By.cssSelector: input:nth-child(5)
10:00:04.681 [Test worker] INFO  com.phonebook.utils.MyListener -- *******************************
10:00:04.727 [Test worker] INFO  com.phonebook.utils.MyListener -- The locator will findBy.cssSelector: input:nth-child(5)
10:00:04.728 [Test worker] INFO  com.phonebook.utils.MyListener -- *****************************
10:00:04.745 [Test worker] INFO  com.phonebook.utils.MyListener -- The locator is By.cssSelector: input:nth-child(5)
10:00:04.745 [Test worker] INFO  com.phonebook.utils.MyListener -- *******************************
10:00:04.769 [Test worker] INFO  com.phonebook.utils.MyListener -- The locator will findBy.cssSelector: input:nth-child(5)
10:00:04.769 [Test worker] INFO  com.phonebook.utils.MyListener -- *****************************
10:00:04.777 [Test worker] INFO  com.phonebook.utils.MyListener -- The locator is By.cssSelector: input:nth-child(5)
10:00:04.778 [Test worker] INFO  com.phonebook.utils.MyListener -- *******************************
10:00:04.809 [Test worker] INFO  com.phonebook.utils.MyListener -- The locator will findBy.cssSelector: input:nth-child(6)
10:00:04.809 [Test worker] INFO  com.phonebook.utils.MyListener -- *****************************
10:00:04.821 [Test worker] INFO  com.phonebook.utils.MyListener -- The locator is By.cssSelector: input:nth-child(6)
10:00:04.821 [Test worker] INFO  com.phonebook.utils.MyListener -- *******************************
10:00:04.858 [Test worker] INFO  com.phonebook.utils.MyListener -- The locator will findBy.cssSelector: input:nth-child(6)
10:00:04.858 [Test worker] INFO  com.phonebook.utils.MyListener -- *****************************
10:00:04.869 [Test worker] INFO  com.phonebook.utils.MyListener -- The locator is By.cssSelector: input:nth-child(6)
10:00:04.869 [Test worker] INFO  com.phonebook.utils.MyListener -- *******************************
10:00:04.890 [Test worker] INFO  com.phonebook.utils.MyListener -- The locator will findBy.cssSelector: input:nth-child(6)
10:00:04.891 [Test worker] INFO  com.phonebook.utils.MyListener -- *****************************
10:00:04.901 [Test worker] INFO  com.phonebook.utils.MyListener -- The locator is By.cssSelector: input:nth-child(6)
10:00:04.901 [Test worker] INFO  com.phonebook.utils.MyListener -- *******************************
10:00:04.922 [Test worker] INFO  com.phonebook.utils.MyListener -- The locator will findBy.cssSelector: .add_form__2rsm2 button
10:00:04.922 [Test worker] INFO  com.phonebook.utils.MyListener -- *****************************
10:00:04.931 [Test worker] INFO  com.phonebook.utils.MyListener -- The locator is By.cssSelector: .add_form__2rsm2 button
10:00:04.931 [Test worker] INFO  com.phonebook.utils.MyListener -- *******************************
10:00:04.969 [Test worker] INFO  com.phonebook.utils.MyListener -- Before Find ElementsBy.cssSelector: h2
10:00:04.969 [Test worker] INFO  com.phonebook.utils.MyListener -- **************************************
10:00:05.382 [Test worker] INFO  com.phonebook.utils.MyListener -- List size is 23
10:00:05.382 [Test worker] INFO  com.phonebook.utils.MyListener -- ***********************************************
10:00:05.410 [Test worker] INFO  com.phonebook.utils.MyListener -- The locator will findBy.cssSelector: .contact-item_card__2SOIM
10:00:05.410 [Test worker] INFO  com.phonebook.utils.MyListener -- *****************************
10:00:05.420 [Test worker] INFO  com.phonebook.utils.MyListener -- The locator is By.cssSelector: .contact-item_card__2SOIM
10:00:05.420 [Test worker] INFO  com.phonebook.utils.MyListener -- *******************************
10:00:05.461 [Test worker] INFO  com.phonebook.utils.MyListener -- The locator will findBy.xpath: //button[.='Remove']
10:00:05.461 [Test worker] INFO  com.phonebook.utils.MyListener -- *****************************
10:00:05.481 [Test worker] INFO  com.phonebook.utils.MyListener -- The locator is By.xpath: //button[.='Remove']
10:00:05.481 [Test worker] INFO  com.phonebook.utils.MyListener -- *******************************
10:00:05.540 [Test worker] INFO  com.phonebook.tests.TestBase -- PASSED: addContactPositiveFromDataProviderWithCsvFileTest
10:00:05.540 [Test worker] INFO  com.phonebook.tests.TestBase -- Stop test
10:00:05.540 [Test worker] INFO  com.phonebook.tests.TestBase -- ====================================================
10:00:05.541 [Test worker] INFO  com.phonebook.tests.TestBase -- Start testaddContactPositiveFromDataProviderWithCsvFileTest[Contact{phone='123456789123', name='Oleynik'}]
10:00:05.541 [Test worker] INFO  com.phonebook.utils.MyListener -- Before Find ElementsBy.cssSelector: [href='/login']
10:00:05.541 [Test worker] INFO  com.phonebook.utils.MyListener -- **************************************
10:00:15.549 [Test worker] INFO  com.phonebook.utils.MyListener -- List size is 0
10:00:15.549 [Test worker] INFO  com.phonebook.utils.MyListener -- ***********************************************
10:00:15.549 [Test worker] INFO  com.phonebook.utils.MyListener -- The locator will findBy.xpath: //button[.='Sign Out']
10:00:15.549 [Test worker] INFO  com.phonebook.utils.MyListener -- *****************************
10:00:15.563 [Test worker] INFO  com.phonebook.utils.MyListener -- The locator is By.xpath: //button[.='Sign Out']
10:00:15.563 [Test worker] INFO  com.phonebook.utils.MyListener -- *******************************
10:00:15.624 [Test worker] INFO  com.phonebook.utils.MyListener -- The locator will findBy.cssSelector: [href='/login']
10:00:15.625 [Test worker] INFO  com.phonebook.utils.MyListener -- *****************************
10:00:15.641 [Test worker] INFO  com.phonebook.utils.MyListener -- The locator is By.cssSelector: [href='/login']
10:00:15.642 [Test worker] INFO  com.phonebook.utils.MyListener -- *******************************
10:00:15.675 [Test worker] INFO  com.phonebook.utils.MyListener -- The locator will findBy.name: email
10:00:15.675 [Test worker] INFO  com.phonebook.utils.MyListener -- *****************************
10:00:15.687 [Test worker] INFO  com.phonebook.utils.MyListener -- The locator is By.name: email
10:00:15.687 [Test worker] INFO  com.phonebook.utils.MyListener -- *******************************
10:00:15.729 [Test worker] INFO  com.phonebook.utils.MyListener -- The locator will findBy.name: email
10:00:15.729 [Test worker] INFO  com.phonebook.utils.MyListener -- *****************************
10:00:15.740 [Test worker] INFO  com.phonebook.utils.MyListener -- The locator is By.name: email
10:00:15.740 [Test worker] INFO  com.phonebook.utils.MyListener -- *******************************
10:00:15.757 [Test worker] INFO  com.phonebook.utils.MyListener -- The locator will findBy.name: email
10:00:15.757 [Test worker] INFO  com.phonebook.utils.MyListener -- *****************************
10:00:15.764 [Test worker] INFO  com.phonebook.utils.MyListener -- The locator is By.name: email
10:00:15.765 [Test worker] INFO  com.phonebook.utils.MyListener -- *******************************
10:00:15.790 [Test worker] INFO  com.phonebook.utils.MyListener -- The locator will findBy.name: password
10:00:15.791 [Test worker] INFO  com.phonebook.utils.MyListener -- *****************************
10:00:15.800 [Test worker] INFO  com.phonebook.utils.MyListener -- The locator is By.name: password
10:00:15.800 [Test worker] INFO  com.phonebook.utils.MyListener -- *******************************
10:00:15.832 [Test worker] INFO  com.phonebook.utils.MyListener -- The locator will findBy.name: password
10:00:15.832 [Test worker] INFO  com.phonebook.utils.MyListener -- *****************************
10:00:15.841 [Test worker] INFO  com.phonebook.utils.MyListener -- The locator is By.name: password
10:00:15.841 [Test worker] INFO  com.phonebook.utils.MyListener -- *******************************
10:00:15.858 [Test worker] INFO  com.phonebook.utils.MyListener -- The locator will findBy.name: password
10:00:15.858 [Test worker] INFO  com.phonebook.utils.MyListener -- *****************************
10:00:15.866 [Test worker] INFO  com.phonebook.utils.MyListener -- The locator is By.name: password
10:00:15.866 [Test worker] INFO  com.phonebook.utils.MyListener -- *******************************
10:00:15.885 [Test worker] INFO  com.phonebook.utils.MyListener -- The locator will findBy.name: login
10:00:15.885 [Test worker] INFO  com.phonebook.utils.MyListener -- *****************************
10:00:15.893 [Test worker] INFO  com.phonebook.utils.MyListener -- The locator is By.name: login
10:00:15.893 [Test worker] INFO  com.phonebook.utils.MyListener -- *******************************
10:00:15.926 [Test worker] INFO  com.phonebook.utils.MyListener -- The locator will findBy.cssSelector: [href='/add']
10:00:15.926 [Test worker] INFO  com.phonebook.utils.MyListener -- *****************************
10:00:16.180 [Test worker] INFO  com.phonebook.utils.MyListener -- The locator is By.cssSelector: [href='/add']
10:00:16.180 [Test worker] INFO  com.phonebook.utils.MyListener -- *******************************
10:00:16.226 [Test worker] INFO  com.phonebook.utils.MyListener -- The locator will findBy.cssSelector: input:nth-child(1)
10:00:16.226 [Test worker] INFO  com.phonebook.utils.MyListener -- *****************************
10:00:16.237 [Test worker] INFO  com.phonebook.utils.MyListener -- The locator is By.cssSelector: input:nth-child(1)
10:00:16.237 [Test worker] INFO  com.phonebook.utils.MyListener -- *******************************
10:00:16.278 [Test worker] INFO  com.phonebook.utils.MyListener -- The locator will findBy.cssSelector: input:nth-child(1)
10:00:16.278 [Test worker] INFO  com.phonebook.utils.MyListener -- *****************************
10:00:16.292 [Test worker] INFO  com.phonebook.utils.MyListener -- The locator is By.cssSelector: input:nth-child(1)
10:00:16.292 [Test worker] INFO  com.phonebook.utils.MyListener -- *******************************
10:00:16.311 [Test worker] INFO  com.phonebook.utils.MyListener -- The locator will findBy.cssSelector: input:nth-child(1)
10:00:16.311 [Test worker] INFO  com.phonebook.utils.MyListener -- *****************************
10:00:16.321 [Test worker] INFO  com.phonebook.utils.MyListener -- The locator is By.cssSelector: input:nth-child(1)
10:00:16.321 [Test worker] INFO  com.phonebook.utils.MyListener -- *******************************
[...]
10:00:29.182 [Test worker] INFO  com.phonebook.utils.MyListener -- *****************************
10:00:29.196 [Test worker] INFO  com.phonebook.utils.MyListener -- The locator is By.cssSelector: input:nth-child(4)
10:00:29.196 [Test worker] INFO  com.phonebook.utils.MyListener -- *******************************
10:00:29.222 [Test worker] INFO  com.phonebook.utils.MyListener -- The locator will findBy.cssSelector: input:nth-child(4)
10:00:29.222 [Test worker] INFO  com.phonebook.utils.MyListener -- *****************************
10:00:29.234 [Test worker] INFO  com.phonebook.utils.MyListener -- The locator is By.cssSelector: input:nth-child(4)
10:00:29.234 [Test worker] INFO  com.phonebook.utils.MyListener -- *******************************
10:00:29.267 [Test worker] INFO  com.phonebook.utils.MyListener -- The locator will findBy.cssSelector: input:nth-child(5)
10:00:29.267 [Test worker] INFO  com.phonebook.utils.MyListener -- *****************************
10:00:29.277 [Test worker] INFO  com.phonebook.utils.MyListener -- The locator is By.cssSelector: input:nth-child(5)
10:00:29.277 [Test worker] INFO  com.phonebook.utils.MyListener -- *******************************
10:00:29.328 [Test worker] INFO  com.phonebook.utils.MyListener -- The locator will findBy.cssSelector: input:nth-child(5)
10:00:29.328 [Test worker] INFO  com.phonebook.utils.MyListener -- *****************************
10:00:29.341 [Test worker] INFO  com.phonebook.utils.MyListener -- The locator is By.cssSelector: input:nth-child(5)
10:00:29.341 [Test worker] INFO  com.phonebook.utils.MyListener -- *******************************
10:00:29.365 [Test worker] INFO  com.phonebook.utils.MyListener -- The locator will findBy.cssSelector: input:nth-child(5)
10:00:29.365 [Test worker] INFO  com.phonebook.utils.MyListener -- *****************************
10:00:29.376 [Test worker] INFO  com.phonebook.utils.MyListener -- The locator is By.cssSelector: input:nth-child(5)
10:00:29.376 [Test worker] INFO  com.phonebook.utils.MyListener -- *******************************
10:00:29.403 [Test worker] INFO  com.phonebook.utils.MyListener -- The locator will findBy.cssSelector: input:nth-child(6)
10:00:29.403 [Test worker] INFO  com.phonebook.utils.MyListener -- *****************************
10:00:29.414 [Test worker] INFO  com.phonebook.utils.MyListener -- The locator is By.cssSelector: input:nth-child(6)
10:00:29.414 [Test worker] INFO  com.phonebook.utils.MyListener -- *******************************
10:00:29.459 [Test worker] INFO  com.phonebook.utils.MyListener -- The locator will findBy.cssSelector: input:nth-child(6)
10:00:29.459 [Test worker] INFO  com.phonebook.utils.MyListener -- *****************************
10:00:29.472 [Test worker] INFO  com.phonebook.utils.MyListener -- The locator is By.cssSelector: input:nth-child(6)
10:00:29.472 [Test worker] INFO  com.phonebook.utils.MyListener -- *******************************
10:00:29.498 [Test worker] INFO  com.phonebook.utils.MyListener -- The locator will findBy.cssSelector: input:nth-child(6)
10:00:29.498 [Test worker] INFO  com.phonebook.utils.MyListener -- *****************************
10:00:29.511 [Test worker] INFO  com.phonebook.utils.MyListener -- The locator is By.cssSelector: input:nth-child(6)
10:00:29.511 [Test worker] INFO  com.phonebook.utils.MyListener -- *******************************
10:00:29.545 [Test worker] INFO  com.phonebook.utils.MyListener -- The locator will findBy.cssSelector: .add_form__2rsm2 button
10:00:29.545 [Test worker] INFO  com.phonebook.utils.MyListener -- *****************************
10:00:29.560 [Test worker] INFO  com.phonebook.utils.MyListener -- The locator is By.cssSelector: .add_form__2rsm2 button
10:00:29.560 [Test worker] INFO  com.phonebook.utils.MyListener -- *******************************
10:00:29.614 [Test worker] INFO  com.phonebook.utils.MyListener -- Before Find ElementsBy.cssSelector: h2
10:00:29.614 [Test worker] INFO  com.phonebook.utils.MyListener -- **************************************
10:00:30.002 [Test worker] INFO  com.phonebook.utils.MyListener -- List size is 23
10:00:30.002 [Test worker] INFO  com.phonebook.utils.MyListener -- ***********************************************
10:00:30.210 [Test worker] INFO  com.phonebook.utils.MyListener -- The locator will findBy.cssSelector: .contact-item_card__2SOIM
10:00:30.210 [Test worker] INFO  com.phonebook.utils.MyListener -- *****************************
10:00:30.222 [Test worker] INFO  com.phonebook.utils.MyListener -- The locator is By.cssSelector: .contact-item_card__2SOIM
10:00:30.222 [Test worker] INFO  com.phonebook.utils.MyListener -- *******************************
10:00:30.277 [Test worker] INFO  com.phonebook.utils.MyListener -- The locator will findBy.xpath: //button[.='Remove']
10:00:30.277 [Test worker] INFO  com.phonebook.utils.MyListener -- *****************************
10:00:30.293 [Test worker] INFO  com.phonebook.utils.MyListener -- The locator is By.xpath: //button[.='Remove']
10:00:30.294 [Test worker] INFO  com.phonebook.utils.MyListener -- *******************************
10:00:30.342 [Test worker] INFO  com.phonebook.tests.TestBase -- PASSED: addContactPositiveFromDataProviderWithCsvFileTest
10:00:30.342 [Test worker] INFO  com.phonebook.tests.TestBase -- Stop test
10:00:30.343 [Test worker] INFO  com.phonebook.tests.TestBase -- ====================================================
10:00:30.344 [Test worker] INFO  com.phonebook.tests.TestBase -- Start testaddContactPositiveTest[]
10:00:30.344 [Test worker] INFO  com.phonebook.utils.MyListener -- Before Find ElementsBy.cssSelector: [href='/login']
10:00:30.345 [Test worker] INFO  com.phonebook.utils.MyListener -- **************************************
10:00:40.387 [Test worker] INFO  com.phonebook.utils.MyListener -- List size is 0
10:00:40.387 [Test worker] INFO  com.phonebook.utils.MyListener -- ***********************************************
10:00:40.388 [Test worker] INFO  com.phonebook.utils.MyListener -- The locator will findBy.xpath: //button[.='Sign Out']
10:00:40.388 [Test worker] INFO  com.phonebook.utils.MyListener -- *****************************
10:00:40.406 [Test worker] INFO  com.phonebook.utils.MyListener -- The locator is By.xpath: //button[.='Sign Out']
10:00:40.406 [Test worker] INFO  com.phonebook.utils.MyListener -- *******************************
10:00:40.474 [Test worker] INFO  com.phonebook.utils.MyListener -- The locator will findBy.cssSelector: [href='/login']
10:00:40.474 [Test worker] INFO  com.phonebook.utils.MyListener -- *****************************
10:00:40.492 [Test worker] INFO  com.phonebook.utils.MyListener -- The locator is By.cssSelector: [href='/login']
10:00:40.492 [Test worker] INFO  com.phonebook.utils.MyListener -- *******************************
10:00:40.537 [Test worker] INFO  com.phonebook.utils.MyListener -- The locator will findBy.name: email
10:00:40.537 [Test worker] INFO  com.phonebook.utils.MyListener -- *****************************
10:00:40.549 [Test worker] INFO  com.phonebook.utils.MyListener -- The locator is By.name: email
10:00:40.549 [Test worker] INFO  com.phonebook.utils.MyListener -- *******************************
10:00:40.592 [Test worker] INFO  com.phonebook.utils.MyListener -- The locator will findBy.name: email
10:00:40.592 [Test worker] INFO  com.phonebook.utils.MyListener -- *****************************
10:00:40.603 [Test worker] INFO  com.phonebook.utils.MyListener -- The locator is By.name: email
10:00:40.603 [Test worker] INFO  com.phonebook.utils.MyListener -- *******************************
10:00:40.624 [Test worker] INFO  com.phonebook.utils.MyListener -- The locator will findBy.name: email
10:00:40.625 [Test worker] INFO  com.phonebook.utils.MyListener -- *****************************
10:00:40.633 [Test worker] INFO  com.phonebook.utils.MyListener -- The locator is By.name: email
10:00:40.633 [Test worker] INFO  com.phonebook.utils.MyListener -- *******************************
10:00:40.663 [Test worker] INFO  com.phonebook.utils.MyListener -- The locator will findBy.name: password
10:00:40.663 [Test worker] INFO  com.phonebook.utils.MyListener -- *****************************
10:00:40.672 [Test worker] INFO  com.phonebook.utils.MyListener -- The locator is By.name: password
10:00:40.672 [Test worker] INFO  com.phonebook.utils.MyListener -- *******************************
10:00:40.711 [Test worker] INFO  com.phonebook.utils.MyListener -- The locator will findBy.name: password
10:00:40.711 [Test worker] INFO  com.phonebook.utils.MyListener -- *****************************
10:00:40.722 [Test worker] INFO  com.phonebook.utils.MyListener -- The locator is By.name: password
10:00:40.722 [Test worker] INFO  com.phonebook.utils.MyListener -- *******************************
10:00:40.739 [Test worker] INFO  com.phonebook.utils.MyListener -- The locator will findBy.name: password
10:00:40.740 [Test worker] INFO  com.phonebook.utils.MyListener -- *****************************
10:00:40.752 [Test worker] INFO  com.phonebook.utils.MyListener -- The locator is By.name: password
10:00:40.752 [Test worker] INFO  com.phonebook.utils.MyListener -- *******************************
10:00:40.778 [Test worker] INFO  com.phonebook.utils.MyListener -- The locator will findBy.name: login
10:00:40.778 [Test worker] INFO  com.phonebook.utils.MyListener -- *****************************
10:00:40.787 [Test worker] INFO  com.phonebook.utils.MyListener -- The locator is By.name: login
10:00:40.787 [Test worker] INFO  com.phonebook.utils.MyListener -- *******************************
10:00:40.822 [Test worker] INFO  com.phonebook.utils.MyListener -- The locator will findBy.cssSelector: [href='/add']
10:00:40.822 [Test worker] INFO  com.phonebook.utils.MyListener -- *****************************
10:00:41.077 [Test worker] INFO  com.phonebook.utils.MyListener -- The locator is By.cssSelector: [href='/add']
10:00:41.077 [Test worker] INFO  com.phonebook.utils.MyListener -- *******************************
10:00:41.127 [Test worker] INFO  com.phonebook.utils.MyListener -- The locator will findBy.cssSelector: input:nth-child(1)
10:00:41.127 [Test worker] INFO  com.phonebook.utils.MyListener -- *****************************
10:00:41.140 [Test worker] INFO  com.phonebook.utils.MyListener -- The locator is By.cssSelector: input:nth-child(1)
10:00:41.140 [Test worker] INFO  com.phonebook.utils.MyListener -- *******************************
10:00:41.180 [Test worker] INFO  com.phonebook.utils.MyListener -- The locator will findBy.cssSelector: input:nth-child(1)
10:00:41.180 [Test worker] INFO  com.phonebook.utils.MyListener -- *****************************
10:00:41.192 [Test worker] INFO  com.phonebook.utils.MyListener -- The locator is By.cssSelector: input:nth-child(1)
10:00:41.192 [Test worker] INFO  com.phonebook.utils.MyListener -- *******************************
10:00:41.214 [Test worker] INFO  com.phonebook.utils.MyListener -- The locator will findBy.cssSelector: input:nth-child(1)
10:00:41.214 [Test worker] INFO  com.phonebook.utils.MyListener -- *****************************
10:00:41.227 [Test worker] INFO  com.phonebook.utils.MyListener -- The locator is By.cssSelector: input:nth-child(1)
10:00:41.227 [Test worker] INFO  com.phonebook.utils.MyListener -- *******************************
10:00:41.261 [Test worker] INFO  com.phonebook.utils.MyListener -- The locator will findBy.cssSelector: input:nth-child(2)
10:00:41.262 [Test worker] INFO  com.phonebook.utils.MyListener -- *****************************
10:00:41.274 [Test worker] INFO  com.phonebook.utils.MyListener -- The locator is By.cssSelector: input:nth-child(2)
10:00:41.274 [Test worker] INFO  com.phonebook.utils.MyListener -- *******************************
10:00:41.320 [Test worker] INFO  com.phonebook.utils.MyListener -- The locator will findBy.cssSelector: input:nth-child(2)
10:00:41.321 [Test worker] INFO  com.phonebook.utils.MyListener -- *****************************
10:00:41.330 [Test worker] INFO  com.phonebook.utils.MyListener -- The locator is By.cssSelector: input:nth-child(2)
10:00:41.330 [Test worker] INFO  com.phonebook.utils.MyListener -- *******************************
10:00:41.359 [Test worker] INFO  com.phonebook.utils.MyListener -- The locator will findBy.cssSelector: input:nth-child(2)
10:00:41.359 [Test worker] INFO  com.phonebook.utils.MyListener -- *****************************
10:00:41.369 [Test worker] INFO  com.phonebook.utils.MyListener -- The locator is By.cssSelector: input:nth-child(2)
10:00:41.369 [Test worker] INFO  com.phonebook.utils.MyListener -- *******************************
10:00:41.395 [Test worker] INFO  com.phonebook.utils.MyListener -- The locator will findBy.cssSelector: input:nth-child(3)
10:00:41.395 [Test worker] INFO  com.phonebook.utils.MyListener -- *****************************
10:00:41.410 [Test worker] INFO  com.phonebook.utils.MyListener -- The locator is By.cssSelector: input:nth-child(3)
10:00:41.410 [Test worker] INFO  com.phonebook.utils.MyListener -- *******************************
10:00:41.462 [Test worker] INFO  com.phonebook.utils.MyListener -- The locator will findBy.cssSelector: input:nth-child(3)
10:00:41.462 [Test worker] INFO  com.phonebook.utils.MyListener -- *****************************
10:00:41.477 [Test worker] INFO  com.phonebook.utils.MyListener -- The locator is By.cssSelector: input:nth-child(3)
10:00:41.477 [Test worker] INFO  com.phonebook.utils.MyListener -- *******************************
10:00:41.496 [Test worker] INFO  com.phonebook.utils.MyListener -- The locator will findBy.cssSelector: input:nth-child(3)
10:00:41.496 [Test worker] INFO  com.phonebook.utils.MyListener -- *****************************
10:00:41.507 [Test worker] INFO  com.phonebook.utils.MyListener -- The locator is By.cssSelector: input:nth-child(3)
10:00:41.507 [Test worker] INFO  com.phonebook.utils.MyListener -- *******************************
10:00:41.539 [Test worker] INFO  com.phonebook.utils.MyListener -- The locator will findBy.cssSelector: input:nth-child(4)
10:00:41.539 [Test worker] INFO  com.phonebook.utils.MyListener -- *****************************
10:00:41.547 [Test worker] INFO  com.phonebook.utils.MyListener -- The locator is By.cssSelector: input:nth-child(4)
10:00:41.547 [Test worker] INFO  com.phonebook.utils.MyListener -- *******************************
10:00:41.596 [Test worker] INFO  com.phonebook.utils.MyListener -- The locator will findBy.cssSelector: input:nth-child(4)
10:00:41.596 [Test worker] INFO  com.phonebook.utils.MyListener -- *****************************
10:00:41.610 [Test worker] INFO  com.phonebook.utils.MyListener -- The locator is By.cssSelector: input:nth-child(4)
10:00:41.610 [Test worker] INFO  com.phonebook.utils.MyListener -- *******************************
10:00:41.632 [Test worker] INFO  com.phonebook.utils.MyListener -- The locator will findBy.cssSelector: input:nth-child(4)
10:00:41.632 [Test worker] INFO  com.phonebook.utils.MyListener -- *****************************
10:00:41.641 [Test worker] INFO  com.phonebook.utils.MyListener -- The locator is By.cssSelector: input:nth-child(4)
10:00:41.641 [Test worker] INFO  com.phonebook.utils.MyListener -- *******************************
10:00:41.675 [Test worker] INFO  com.phonebook.utils.MyListener -- The locator will findBy.cssSelector: input:nth-child(5)
10:00:41.675 [Test worker] INFO  com.phonebook.utils.MyListener -- *****************************
10:00:41.685 [Test worker] INFO  com.phonebook.utils.MyListener -- The locator is By.cssSelector: input:nth-child(5)
10:00:41.685 [Test worker] INFO  com.phonebook.utils.MyListener -- *******************************
10:00:41.733 [Test worker] INFO  com.phonebook.utils.MyListener -- The locator will findBy.cssSelector: input:nth-child(5)
10:00:41.733 [Test worker] INFO  com.phonebook.utils.MyListener -- *****************************
10:00:41.748 [Test worker] INFO  com.phonebook.utils.MyListener -- The locator is By.cssSelector: input:nth-child(5)
10:00:41.748 [Test worker] INFO  com.phonebook.utils.MyListener -- *******************************
10:00:41.776 [Test worker] INFO  com.phonebook.utils.MyListener -- The locator will findBy.cssSelector: input:nth-child(5)
10:00:41.776 [Test worker] INFO  com.phonebook.utils.MyListener -- *****************************
10:00:41.790 [Test worker] INFO  com.phonebook.utils.MyListener -- The locator is By.cssSelector: input:nth-child(5)
10:00:41.791 [Test worker] INFO  com.phonebook.utils.MyListener -- *******************************
10:00:41.821 [Test worker] INFO  com.phonebook.utils.MyListener -- The locator will findBy.cssSelector: input:nth-child(6)
10:00:41.822 [Test worker] INFO  com.phonebook.utils.MyListener -- *****************************
10:00:41.833 [Test worker] INFO  com.phonebook.utils.MyListener -- The locator is By.cssSelector: input:nth-child(6)
10:00:41.833 [Test worker] INFO  com.phonebook.utils.MyListener -- *******************************
10:00:41.887 [Test worker] INFO  com.phonebook.utils.MyListener -- The locator will findBy.cssSelector: input:nth-child(6)
10:00:41.887 [Test worker] INFO  com.phonebook.utils.MyListener -- *****************************
10:00:41.898 [Test worker] INFO  com.phonebook.utils.MyListener -- The locator is By.cssSelector: input:nth-child(6)
10:00:41.898 [Test worker] INFO  com.phonebook.utils.MyListener -- *******************************
10:00:41.925 [Test worker] INFO  com.phonebook.utils.MyListener -- The locator will findBy.cssSelector: input:nth-child(6)
10:00:41.925 [Test worker] INFO  com.phonebook.utils.MyListener -- *****************************
10:00:41.939 [Test worker] INFO  com.phonebook.utils.MyListener -- The locator is By.cssSelector: input:nth-child(6)
10:00:41.939 [Test worker] INFO  com.phonebook.utils.MyListener -- *******************************
10:00:41.968 [Test worker] INFO  com.phonebook.utils.MyListener -- The locator will findBy.cssSelector: .add_form__2rsm2 button
10:00:41.968 [Test worker] INFO  com.phonebook.utils.MyListener -- *****************************
10:00:41.981 [Test worker] INFO  com.phonebook.utils.MyListener -- The locator is By.cssSelector: .add_form__2rsm2 button
10:00:41.981 [Test worker] INFO  com.phonebook.utils.MyListener -- *******************************
10:00:42.040 [Test worker] INFO  com.phonebook.utils.MyListener -- Before Find ElementsBy.cssSelector: h2
10:00:42.041 [Test worker] INFO  com.phonebook.utils.MyListener -- **************************************
10:00:42.439 [Test worker] INFO  com.phonebook.utils.MyListener -- List size is 23
10:00:42.439 [Test worker] INFO  com.phonebook.utils.MyListener -- ***********************************************
10:00:42.475 [Test worker] INFO  com.phonebook.utils.MyListener -- The locator will findBy.cssSelector: .contact-item_card__2SOIM
10:00:42.475 [Test worker] INFO  com.phonebook.utils.MyListener -- *****************************
10:00:42.489 [Test worker] INFO  com.phonebook.utils.MyListener -- The locator is By.cssSelector: .contact-item_card__2SOIM
10:00:42.489 [Test worker] INFO  com.phonebook.utils.MyListener -- *******************************
10:00:42.541 [Test worker] INFO  com.phonebook.utils.MyListener -- The locator will findBy.xpath: //button[.='Remove']
10:00:42.541 [Test worker] INFO  com.phonebook.utils.MyListener -- *****************************
10:00:42.555 [Test worker] INFO  com.phonebook.utils.MyListener -- The locator is By.xpath: //button[.='Remove']
10:00:42.555 [Test worker] INFO  com.phonebook.utils.MyListener -- *******************************
10:00:42.603 [Test worker] INFO  com.phonebook.tests.TestBase -- PASSED: addContactPositiveTest
10:00:42.603 [Test worker] INFO  com.phonebook.tests.TestBase -- Stop test
10:00:42.603 [Test worker] INFO  com.phonebook.tests.TestBase -- ====================================================
]]></system-out>
  <system-err><![CDATA[]]></system-err>
</testsuite>
